#
#model:
#
#<?xml version="1.0" encoding="UTF-8" standalone="no"?><input id="posterior" spec="beast.base.inference.CompoundDistribution">
#    <distribution id="prior" spec="beast.base.inference.CompoundDistribution">
#        <distribution conditionOnRhoSampling="true" conditionOnRoot="true" id="FBD.t:18s_block1" spec="sa.evolution.speciation.SABirthDeathModel">
#            <parameter id="diversificationRateFBD.t:18s_block1" lower="0.0" name="diversificationRate" spec="beast.base.inference.parameter.RealParameter" upper="580.1">1.0</parameter>
#            <parameter id="turnoverFBD.t:18s_block1" lower="0.0" name="turnover" spec="beast.base.inference.parameter.RealParameter" upper="1.0">0.5</parameter>
#            <parameter id="samplingProportionFBD.t:18s_block1" lower="0.0" name="samplingProportion" spec="beast.base.inference.parameter.RealParameter" upper="1.0">0.001</parameter>
#            <parameter id="rFBD.t:18s_block1" lower="0.0" name="removalProbability" spec="beast.base.inference.parameter.RealParameter" upper="1.0">0.0</parameter>
#            <parameter id="rhoFBD.t:18s_block1" lower="0.0" name="rho" spec="beast.base.inference.parameter.RealParameter" upper="1.0">1.0</parameter>
#            <tree id="Tree.t:18s_block1" spec="beast.base.evolution.tree.Tree">
#                <trait id="dateTrait.t:18s_block1" spec="beast.base.evolution.tree.TraitSet" traitname="date-backward" value="Acanthotetilla_celebensis=0,Aciculites_orientalis=0,Amorphinopsis_fenestrata=0,Anaderma_rancureli=0,Anamixilla_torresi=0,Aphrocallistes_beatrix=0,Asbestopluma_hypogea=0,Ascaltis_angusta=0,Ascandra_spalatensis=0,Ascoleucetta_sagittata=0,Aspidoscopulia_australia=0,Borojevia_croatica=0,Burtonulla_sibogae=0,Callyspongia_armigera=0,Chalinula_zeae=0,Cinachyra_barbata=0,Ciocalypta_penicillus=0,Clathrina_primordialis=0,Conorete_pourtalesi=0,Corticium_vaceleti=0,Cyclacanthia_bellae=0,Cymbastela_cantharella=0,Dictyoplax_lecus=0,Didiscus_oxeatus=0,Dragmacidon_australe=0,Euryplegma_auriculare=0,Farrea_bowerbanki=0,Galaxia_gaviotensis=0,Grantia_compressa=0,Haliclona_cinerea=0,Herengeria_auriculata=0,Heteropia_minor=0,Heteroxya_beauforti=0,Hexactinella_carolinensis=0,Higginsia_anfractuosa=0,Hymeniacidon_perlevis=0,Iophon_koltuni=0,Iotrochota_birotulata=0,Isodictya_filiformis=0,Janulum_spinispiculum=0,Kebira_tetractinifera=0,Kirkpatrickia_coulmani=0,Leucaltis_nodusgordii=0,Leucandra_falakra=0,Leucascus_flavus=0,Leucetta_chagosensis=0,Leuclathrina_translucida=0,Lissodendoryx_flabellata=0,Neopetrosia_proxima=0,Nodastrella_nodastrella=0,Paraleucilla_magna=0,Pericharax_orientalis=0,Petrobiona_massiliana=0,Pheronemoides_crustiformis=0,Phorbas_glaberrimus=0,Plakina_finispinata=0,Plakinastrella_osculifera=0,Plenaster_craigi=0,Poecillastra_compressa=0,Polymastia_pachymastia=0,Protosuberites_mereui=0,Quasillina_brevis=0,Reidispongia_coerulea=0,Rossella_antarctica=0,Saccocalyx_microhexactin=0,Sarsinella_karasikensis=0,Scleritoderma_flabelliforme=0,Scopalina_nausicae=0,Sigmaxinella_hipposiderus=0,Soleneiscus_hamatus=0,Spinularia_spinularia=0,Stelletta_tuberosa=0,Stylissa_flabelliformis=0,Stylocordyla_borealis=0,Svenzea_zeai=0,Sycettusa_hirsutissima=0,Sycon_ciliatum=0,Tentorium_semisuberites=0,Tethya_californiana=0,Thenea_levis=0,Tretodictyum_reiswigi=0,Tretodictyum_tubulosum=0,Tsitsikamma_favus=0,Ute_insulagemmae=0,Uteopsis_argentea=0,Verrucocoeloidea_liberatorii=0,Haljalaspongia_inaudita=460.9,Halichondria_longioxea=0.03,Axociella_ongulensis=0.03,Crumillospongia_frondosa=513,Ptilispongia_maotianshanensis=518.74,Ischnspongia_dendritica=518.74,Hamptonia_chengjiangensis=518.74,Cystospongia_globosa=518.74,Valospongia_gigantis=518.74,Conciliospongia_anjiensis=444,Stereodictyum_orthoplectum=339.4,Hintzespongia_bilamina=513,Brachiospongia_digitata=460.9,Stioderma_coscinum=279.3,Stromatidium_typicale=272.3,Becksia_soekelandi=83.6,Plectroninia_halli=23.03,Bactronella_australis=23.03,Tretocalia_pezica=23.03,Monoplectroninia_malonei=23.03,Stauractinella_eocenica=47.8,Hormathospongia_dictyota=85.8,Sanshadictya_microreticulata=520,Hyalosinica_archaica=535,Choia_utahensis=535,Diagoniella_cyathiformis=535,Protospongia_gracilis=535,Triticispongia_diagonata=535,Lantianospongia_palifera=535,Pirania_auraeum=485.4,Microhemidiscia_greinerti=298.9,Heliospongia_excavata=323.2,Asturiaspongia_aqualiforma=407.6,Estrellaspongia_irregulara=339.4,Hadrophragmos_soleniscus=323.2,Iberospongia_globulara=409.1,Stioderma_perforata=315.2,Xylochos_palindromica=458.4,Pirania_llanfawrensis=458.4,Heminectere_minima=458.4,Asthenospongia_cambria=458.4,Acutipuerilis_spinosus=458.4,Granulispongia_obscura=458.4,Murania_reitneri=163.5,Plectroninia_pertusa=41.3,Bactronella_womblei=41.3,Bactronella_incrustans=41.3,Geodia_harmatuki=41.3,Sheldonia_trabecula=41.3,Hazelina_bisbifurcata=41.3,Claytonia_rayi=41.3,Haplistion_lobatum=419.2,Twenhofelella_bulbulus=419.2,Monaxoradiata_lamina=265.1,Chiastocolumnia_cylindrica=265.1,Dactylites_obconica=265.1,Defordia_digitata=279.3,Jereina_robusta=279.3,Astylospongia_tarda=419.2,Hexactinoderma_trammeri=247.2,Silesiaspongia_rimosa=247.2,Tremadictyon_radicatum=163.5,Paracinachyrella_fossilis=20.44,Virgaspongiella_ramosa=259.9,Incrustatospongia_superficiala=259.9,Porosphaera_globularis=99.6,Endostoma_mexicana=113,Mammillopora_encrusta=112.03,Sontheimia_parasitica=166.1,Jereica_tuberculosa=166.1">
#                    <taxa id="TaxonSet.18s_block1" spec="beast.base.evolution.alignment.TaxonSet">
#                        <alignment filter="1-2661" id="18s_block1" spec="beast.base.evolution.alignment.FilteredAlignment">
#                        </alignment>
#                    </taxa>
#                </trait>
#                <taxonset idref="TaxonSet.18s_block1"/>
#            </tree>
#        </distribution>
#        <prior id="ORCRatePriorDistribution.c:18s_block1" name="distribution">
#            <parameter dimension="2814" id="ORCRates.c:18s_block1" lower="1.0E-100" name="x" spec="beast.base.inference.parameter.RealParameter">0.5</parameter>
#            <LogNormal id="LogNormalDistributionModel.0" meanInRealSpace="true" name="distr">
#                <parameter estimate="false" id="RealParameter.5" name="M" spec="beast.base.inference.parameter.RealParameter">1.0</parameter>
#                <parameter id="ORCsigma.c:18s_block1" lower="0.0" name="S" spec="beast.base.inference.parameter.RealParameter">0.2</parameter>
#            </LogNormal>
#        </prior>
#        <prior id="ORCsigmaPrior.c:18s_block1" name="distribution" x="@ORCsigma.c:18s_block1">
#            <Gamma id="Gamma.0" name="distr">
#                <parameter estimate="false" id="RealParameter.6" name="alpha" spec="beast.base.inference.parameter.RealParameter">5.0</parameter>
#                <parameter estimate="false" id="RealParameter.7" name="beta" spec="beast.base.inference.parameter.RealParameter">0.05</parameter>
#            </Gamma>
#        </prior>
#        <prior id="ORCucldMeanPrior.c:18s_block1" name="distribution">
#            <parameter id="ORCucldMean.c:18s_block1" name="x" spec="beast.base.inference.parameter.RealParameter">1.0</parameter>
#            <Gamma id="Gamma.1" name="distr">
#                <alpha id="Function$Constant.0" spec="beast.base.core.Function$Constant" value="0.1"/>
#                <beta id="Function$Constant.1" spec="beast.base.core.Function$Constant" value="100.0"/>
#            </Gamma>
#        </prior>
#        <prior id="diversificationRatePriorFBD.t:18s_block1" name="distribution" x="@diversificationRateFBD.t:18s_block1">
#            <Uniform id="Uniform.13" name="distr" upper="Infinity"/>
#        </prior>
#        <prior id="FrequenciesPrior.s:18s_block1" name="distribution">
#            <parameter dimension="4" id="freqParameter.s:18s_block1" lower="0.0" name="x" spec="beast.base.inference.parameter.RealParameter" upper="1.0">0.25</parameter>
#            <distr id="Dirichlet.0" spec="beast.base.inference.distribution.Dirichlet">
#                <parameter dimension="4" estimate="false" id="RealParameter.32" name="alpha" spec="beast.base.inference.parameter.RealParameter">4.0 4.0 4.0 4.0</parameter>
#            </distr>
#        </prior>
#        <prior id="FrequenciesPrior.s:28s" name="distribution">
#            <parameter dimension="4" id="freqParameter.s:28s" lower="0.0" name="x" spec="beast.base.inference.parameter.RealParameter" upper="1.0">0.25</parameter>
#            <distr id="Dirichlet.1" spec="beast.base.inference.distribution.Dirichlet">
#                <parameter dimension="4" estimate="false" id="RealParameter.45" name="alpha" spec="beast.base.inference.parameter.RealParameter">4.0 4.0 4.0 4.0</parameter>
#            </distr>
#        </prior>
#        <prior id="FrequenciesPrior.s:COI" name="distribution">
#            <parameter dimension="4" id="freqParameter.s:COI" lower="0.0" name="x" spec="beast.base.inference.parameter.RealParameter" upper="1.0">0.25</parameter>
#            <distr id="Dirichlet.2" spec="beast.base.inference.distribution.Dirichlet">
#                <parameter dimension="4" estimate="false" id="RealParameter.58" name="alpha" spec="beast.base.inference.parameter.RealParameter">4.0 4.0 4.0 4.0</parameter>
#            </distr>
#        </prior>
#        <prior id="GammaShapePrior.s:18s_block1" name="distribution">
#            <parameter id="gammaShape.s:18s_block1" lower="0.1" name="x" spec="beast.base.inference.parameter.RealParameter">1.0</parameter>
#            <Exponential id="Exponential.0" name="distr">
#                <parameter estimate="false" id="RealParameter.0" name="mean" spec="beast.base.inference.parameter.RealParameter">1.0</parameter>
#            </Exponential>
#        </prior>
#        <prior id="GammaShapePrior.s:28s" name="distribution">
#            <parameter id="gammaShape.s:28s" lower="0.1" name="x" spec="beast.base.inference.parameter.RealParameter">1.0</parameter>
#            <Exponential id="Exponential.2" name="distr">
#                <parameter estimate="false" id="RealParameter.2" name="mean" spec="beast.base.inference.parameter.RealParameter">1.0</parameter>
#            </Exponential>
#        </prior>
#        <prior id="GammaShapePrior.s:COI" name="distribution">
#            <parameter id="gammaShape.s:COI" lower="0.1" name="x" spec="beast.base.inference.parameter.RealParameter">1.0</parameter>
#            <Exponential id="Exponential.3" name="distr">
#                <parameter estimate="false" id="RealParameter.3" name="mean" spec="beast.base.inference.parameter.RealParameter">1.0</parameter>
#            </Exponential>
#        </prior>
#        <prior id="KappaPrior.s:18s_block1" name="distribution">
#            <parameter id="kappa.s:18s_block1" lower="0.0" name="x" spec="beast.base.inference.parameter.RealParameter">2.0</parameter>
#            <LogNormal id="LogNormalDistributionModel.1" name="distr">
#                <parameter estimate="false" id="RealParameter.1" name="M" spec="beast.base.inference.parameter.RealParameter">1.0</parameter>
#                <parameter estimate="false" id="RealParameter.8" name="S" spec="beast.base.inference.parameter.RealParameter">1.25</parameter>
#            </LogNormal>
#        </prior>
#        <prior id="RateACPrior.s:28s" name="distribution">
#            <parameter id="rateAC.s:28s" lower="0.0" name="x" spec="beast.base.inference.parameter.RealParameter">1.0</parameter>
#            <Gamma id="Gamma.14" name="distr">
#                <parameter estimate="false" id="RealParameter.33" name="alpha" spec="beast.base.inference.parameter.RealParameter">0.05</parameter>
#                <parameter estimate="false" id="RealParameter.34" name="beta" spec="beast.base.inference.parameter.RealParameter">10.0</parameter>
#            </Gamma>
#        </prior>
#        <prior id="RateACPrior.s:COI" name="distribution">
#            <parameter id="rateAC.s:COI" lower="0.0" name="x" spec="beast.base.inference.parameter.RealParameter">1.0</parameter>
#            <Gamma id="Gamma.20" name="distr">
#                <parameter estimate="false" id="RealParameter.46" name="alpha" spec="beast.base.inference.parameter.RealParameter">0.05</parameter>
#                <parameter estimate="false" id="RealParameter.47" name="beta" spec="beast.base.inference.parameter.RealParameter">10.0</parameter>
#            </Gamma>
#        </prior>
#        <prior id="RateAGPrior.s:28s" name="distribution">
#            <parameter id="rateAG.s:28s" lower="0.0" name="x" spec="beast.base.inference.parameter.RealParameter">1.0</parameter>
#            <Gamma id="Gamma.15" name="distr">
#                <parameter estimate="false" id="RealParameter.35" name="alpha" spec="beast.base.inference.parameter.RealParameter">0.05</parameter>
#                <parameter estimate="false" id="RealParameter.36" name="beta" spec="beast.base.inference.parameter.RealParameter">20.0</parameter>
#            </Gamma>
#        </prior>
#        <prior id="RateAGPrior.s:COI" name="distribution">
#            <parameter id="rateAG.s:COI" lower="0.0" name="x" spec="beast.base.inference.parameter.RealParameter">1.0</parameter>
#            <Gamma id="Gamma.21" name="distr">
#                <parameter estimate="false" id="RealParameter.48" name="alpha" spec="beast.base.inference.parameter.RealParameter">0.05</parameter>
#                <parameter estimate="false" id="RealParameter.49" name="beta" spec="beast.base.inference.parameter.RealParameter">20.0</parameter>
#            </Gamma>
#        </prior>
#        <prior id="RateATPrior.s:28s" name="distribution">
#            <parameter id="rateAT.s:28s" lower="0.0" name="x" spec="beast.base.inference.parameter.RealParameter">1.0</parameter>
#            <Gamma id="Gamma.16" name="distr">
#                <parameter estimate="false" id="RealParameter.37" name="alpha" spec="beast.base.inference.parameter.RealParameter">0.05</parameter>
#                <parameter estimate="false" id="RealParameter.38" name="beta" spec="beast.base.inference.parameter.RealParameter">10.0</parameter>
#            </Gamma>
#        </prior>
#        <prior id="RateATPrior.s:COI" name="distribution">
#            <parameter id="rateAT.s:COI" lower="0.0" name="x" spec="beast.base.inference.parameter.RealParameter">1.0</parameter>
#            <Gamma id="Gamma.22" name="distr">
#                <parameter estimate="false" id="RealParameter.50" name="alpha" spec="beast.base.inference.parameter.RealParameter">0.05</parameter>
#                <parameter estimate="false" id="RealParameter.51" name="beta" spec="beast.base.inference.parameter.RealParameter">10.0</parameter>
#            </Gamma>
#        </prior>
#        <prior id="RateCGPrior.s:28s" name="distribution">
#            <parameter id="rateCG.s:28s" lower="0.0" name="x" spec="beast.base.inference.parameter.RealParameter">1.0</parameter>
#            <Gamma id="Gamma.17" name="distr">
#                <parameter estimate="false" id="RealParameter.39" name="alpha" spec="beast.base.inference.parameter.RealParameter">0.05</parameter>
#                <parameter estimate="false" id="RealParameter.40" name="beta" spec="beast.base.inference.parameter.RealParameter">10.0</parameter>
#            </Gamma>
#        </prior>
#        <prior id="RateCGPrior.s:COI" name="distribution">
#            <parameter id="rateCG.s:COI" lower="0.0" name="x" spec="beast.base.inference.parameter.RealParameter">1.0</parameter>
#            <Gamma id="Gamma.23" name="distr">
#                <parameter estimate="false" id="RealParameter.52" name="alpha" spec="beast.base.inference.parameter.RealParameter">0.05</parameter>
#                <parameter estimate="false" id="RealParameter.53" name="beta" spec="beast.base.inference.parameter.RealParameter">10.0</parameter>
#            </Gamma>
#        </prior>
#        <prior id="RateGTPrior.s:28s" name="distribution">
#            <parameter id="rateGT.s:28s" lower="0.0" name="x" spec="beast.base.inference.parameter.RealParameter">1.0</parameter>
#            <Gamma id="Gamma.19" name="distr">
#                <parameter estimate="false" id="RealParameter.43" name="alpha" spec="beast.base.inference.parameter.RealParameter">0.05</parameter>
#                <parameter estimate="false" id="RealParameter.44" name="beta" spec="beast.base.inference.parameter.RealParameter">10.0</parameter>
#            </Gamma>
#        </prior>
#        <prior id="RateGTPrior.s:COI" name="distribution">
#            <parameter id="rateGT.s:COI" lower="0.0" name="x" spec="beast.base.inference.parameter.RealParameter">1.0</parameter>
#            <Gamma id="Gamma.25" name="distr">
#                <parameter estimate="false" id="RealParameter.56" name="alpha" spec="beast.base.inference.parameter.RealParameter">0.05</parameter>
#                <parameter estimate="false" id="RealParameter.57" name="beta" spec="beast.base.inference.parameter.RealParameter">10.0</parameter>
#            </Gamma>
#        </prior>
#        <prior id="rhoPriorFBD.t:18s_block1" name="distribution" x="@rhoFBD.t:18s_block1">
#            <Uniform id="Uniform.4" name="distr"/>
#        </prior>
#        <prior id="samplingProportionPriorFBD.t:18s_block1" name="distribution" x="@samplingProportionFBD.t:18s_block1">
#            <Uniform id="Uniform.15" name="distr"/>
#        </prior>
#        <prior id="turnoverPriorFBD.t:18s_block1" name="distribution" x="@turnoverFBD.t:18s_block1">
#            <Uniform id="Uniform.14" name="distr"/>
#        </prior>
#    </distribution>
#    <distribution id="likelihood" spec="beast.base.inference.CompoundDistribution" useThreads="true">
#        <distribution data="@18s_block1" id="treeLikelihood.18s_block1" spec="beast.base.evolution.likelihood.ThreadedTreeLikelihood" tree="@Tree.t:18s_block1">
#            <siteModel gammaCategoryCount="4" id="SiteModel.s:18s_block1" shape="@gammaShape.s:18s_block1" spec="beast.base.evolution.sitemodel.SiteModel">
#                <parameter id="mutationRate.s:18s_block1" lower="0.0" name="mutationRate" spec="beast.base.inference.parameter.RealParameter">1.0</parameter>
#                <parameter estimate="false" id="proportionInvariant.s:18s_block1" lower="0.0" name="proportionInvariant" spec="beast.base.inference.parameter.RealParameter" upper="1.0">0.0</parameter>
#                <substModel id="hky.s:18s_block1" kappa="@kappa.s:18s_block1" spec="beast.base.evolution.substitutionmodel.HKY">
#                    <frequencies frequencies="@freqParameter.s:18s_block1" id="estimatedFreqs.s:18s_block1" spec="beast.base.evolution.substitutionmodel.Frequencies"/>
#                </substModel>
#            </siteModel>
#            <branchRateModel clock.rate="@ORCucldMean.c:18s_block1" id="OptimisedRelaxedClock.c:18s_block1" rates="@ORCRates.c:18s_block1" spec="beast.base.evolution.branchratemodel.UCRelaxedClockModel" tree="@Tree.t:18s_block1">
#                <LogNormal S="@ORCsigma.c:18s_block1" id="ORCLogNormalDistributionModel.c:18s_block1" meanInRealSpace="true" name="distr">
#                    <parameter estimate="false" id="RealParameter.4" name="M" spec="beast.base.inference.parameter.RealParameter">1.0</parameter>
#                </LogNormal>
#            </branchRateModel>
#        </distribution>
#        <distribution branchRateModel="@OptimisedRelaxedClock.c:18s_block1" id="treeLikelihood.18s_block2" siteModel="@SiteModel.s:18s_block1" spec="beast.base.evolution.likelihood.ThreadedTreeLikelihood" tree="@Tree.t:18s_block1">
#            <data data="@Combined_genes_BCO_prune" filter="2662-5322" id="18s_block2" spec="beast.base.evolution.alignment.FilteredAlignment"/>
#        </distribution>
#        <distribution branchRateModel="@OptimisedRelaxedClock.c:18s_block1" id="treeLikelihood.28s" spec="beast.base.evolution.likelihood.ThreadedTreeLikelihood" tree="@Tree.t:18s_block1">
#            <data data="@Combined_genes_BCO_prune" filter="5323-9454" id="28s" spec="beast.base.evolution.alignment.FilteredAlignment"/>
#            <siteModel gammaCategoryCount="4" id="SiteModel.s:28s" shape="@gammaShape.s:28s" spec="beast.base.evolution.sitemodel.SiteModel">
#                <parameter id="mutationRate.s:28s" lower="0.0" name="mutationRate" spec="beast.base.inference.parameter.RealParameter">1.0</parameter>
#                <parameter estimate="false" id="proportionInvariant.s:28s" lower="0.0" name="proportionInvariant" spec="beast.base.inference.parameter.RealParameter" upper="1.0">0.0</parameter>
#                <substModel id="gtr.s:28s" rateAC="@rateAC.s:28s" rateAG="@rateAG.s:28s" rateAT="@rateAT.s:28s" rateCG="@rateCG.s:28s" rateGT="@rateGT.s:28s" spec="beast.base.evolution.substitutionmodel.GTR">
#                    <parameter estimate="false" id="rateCT.s:28s" lower="0.0" name="rateCT" spec="beast.base.inference.parameter.RealParameter">1.0</parameter>
#                    <frequencies frequencies="@freqParameter.s:28s" id="estimatedFreqs.s:28s" spec="beast.base.evolution.substitutionmodel.Frequencies"/>
#                </substModel>
#            </siteModel>
#        </distribution>
#        <distribution branchRateModel="@OptimisedRelaxedClock.c:18s_block1" id="treeLikelihood.COI" spec="beast.base.evolution.likelihood.ThreadedTreeLikelihood" tree="@Tree.t:18s_block1">
#            <data data="@Combined_genes_BCO_prune" filter="9455-11462" id="COI" spec="beast.base.evolution.alignment.FilteredAlignment"/>
#            <siteModel gammaCategoryCount="4" id="SiteModel.s:COI" shape="@gammaShape.s:COI" spec="beast.base.evolution.sitemodel.SiteModel">
#                <parameter estimate="false" id="mutationRate.s:COI" lower="0.0" name="mutationRate" spec="beast.base.inference.parameter.RealParameter">1.0</parameter>
#                <parameter estimate="false" id="proportionInvariant.s:COI" lower="0.0" name="proportionInvariant" spec="beast.base.inference.parameter.RealParameter" upper="1.0">0.0</parameter>
#                <substModel id="gtr.s:COI" rateAC="@rateAC.s:COI" rateAG="@rateAG.s:COI" rateAT="@rateAT.s:COI" rateCG="@rateCG.s:COI" rateGT="@rateGT.s:COI" spec="beast.base.evolution.substitutionmodel.GTR">
#                    <parameter estimate="false" id="rateCT.s:COI" lower="0.0" name="rateCT" spec="beast.base.inference.parameter.RealParameter">1.0</parameter>
#                    <frequencies frequencies="@freqParameter.s:COI" id="estimatedFreqs.s:COI" spec="beast.base.evolution.substitutionmodel.Frequencies"/>
#                </substModel>
#            </siteModel>
#        </distribution>
#    </distribution>
#</input>
#
Sample	posterior	likelihood	prior	treeLikelihood.18s_block1	treeLikelihood.18s_block2	treeLikelihood.28s	treeLikelihood.COI	Tree.height	Tree.treeLength	mutationRate.18s_block1	mutationRate.28s	freqParameter.18s_block1.1	freqParameter.18s_block1.2	freqParameter.18s_block1.3	freqParameter.18s_block1.4	freqParameter.28s.1	freqParameter.28s.2	freqParameter.28s.3	freqParameter.28s.4	freqParameter.COI.1	freqParameter.COI.2	freqParameter.COI.3	freqParameter.COI.4	gammaShape.18s_block1	gammaShape.28s	gammaShape.COI	rateAC.28s	rateAC.COI	rateAG.28s	rateAG.COI	rateAT.28s	rateAT.COI	rateCG.28s	rateCG.COI	rateGT.28s	rateGT.COI	FBD	diversificationRateFBD	turnoverFBD	samplingProportionFBD	SACountFBD	kappa.18s_block1	ORCucldMean	ORCsigma	ORCRatesStat.mean	ORCRatesStat.variance	ORCRatesStat.coefficientOfVariation	rhoFBD
0	-1517150.1790843427	-1505867.9782965109	-11282.200787831775	-14533.815544480558	-346149.7668710813	-553733.9867648425	-591450.4091161065	537.4860032550129	599.4553823262996	1.0	1.0	0.25	0.25	0.25	0.25	0.25	0.25	0.25	0.25	0.25	0.25	0.25	0.25	1.0	1.0	1.0	1.0	1.0	1.0	1.0	1.0	1.0	1.0	1.0	1.0	1.0	788.7095040173077	1.0	0.5	0.001	0	2.0	1.0	0.2	0.5	0.0	0.0	1.0
1000	-1067895.231516481	-1069094.1227869291	1198.8912704481966	-21218.914349840496	-268990.3870073277	-390530.32862009795	-388354.49280966306	537.494299211827	599.2813202455789	0.6121969516394574	1.4994888246308826	0.25	0.25	0.25	0.25	0.25	0.25	0.25	0.25	0.25	0.25	0.25	0.25	1.0	1.0	1.0	1.0	1.0	1.0	1.0	1.0	1.0	1.0	0.526458754028829	1.0	1.0	1482.484530977531	1.2994052980612887	0.6333573873984176	0.0014844053143865275	2	2.0	38.2498493343663	0.7108470034339645	19.178939241838474	16.75802634682063	0.21000418630990964	1.0
2000	-1026506.9165620925	-1027690.1562410567	1183.2396789642007	-16721.323999476048	-248750.41835198103	-384305.5058264684	-377912.90806313127	537.4860047645118	599.5497573247255	0.6121969516394574	1.4994888246308826	0.25	0.25	0.25	0.25	0.25	0.25	0.25	0.25	0.25	0.25	0.25	0.25	0.552078296389384	1.0	1.0	1.0	1.0	1.0	1.0	1.0	1.0	1.0	0.526458754028829	1.0	1.0	1480.576908390677	1.2994052980612887	0.6333573873984176	0.0014802265645635743	2	2.0	43.20804445210101	0.6726894981907959	21.612903630089193	50.01711959002719	0.3161023933002213	1.0
3000	-1004989.0379804533	-1006147.7580998678	1158.7201194145584	-18701.302641120703	-245958.10751625345	-370555.4302519864	-370932.91769050725	537.4745075994477	601.4632159597169	1.1407330233070536	0.8187364109292983	0.25	0.25	0.25	0.25	0.25	0.25	0.25	0.25	0.25	0.25	0.25	0.25	0.552078296389384	1.0	1.0	0.5886447201251254	1.0	1.0	1.0	1.0	1.0	1.0	0.526458754028829	1.0	1.0	1478.1126659269225	1.2994052980612887	0.6333573873984176	0.001493469587191743	2	2.0	45.77886697425674	0.6726894981907959	26.378828983462004	64.38493911576471	0.33521082985725137	1.0
4000	-984220.3668073834	-985349.1112892042	1128.7444818208483	-17817.47864900954	-239373.69559354027	-364150.14959705446	-364007.78744959994	537.4149131837448	601.7463727673996	0.8662625584737664	1.172253306825415	0.25	0.25	0.25	0.25	0.25	0.25	0.25	0.25	0.25	0.25	0.25	0.25	0.552078296389384	1.0	1.0	0.5886447201251254	1.0	1.0	1.0	1.0	1.704505373174156	1.0	0.526458754028829	1.0	1.0	1478.0382304401178	1.2994052980612887	0.6333895190425852	0.0014498174147071368	1	2.0	45.77886697425674	0.6726894981907959	27.752574041728327	95.44887042163225	0.40268457971245547	1.0
5000	-972693.5748544051	-973804.1434262965	1110.5685718914267	-17590.937160603647	-234931.56133592635	-360503.8101600333	-360777.8347697333	537.4057708515717	601.0693739339247	0.8662625584737664	1.172253306825415	0.25	0.25	0.25	0.25	0.25	0.25	0.25	0.25	0.25	0.25	0.25	0.25	0.552078296389384	1.0	1.0	0.5886447201251254	1.0	1.0	1.0	1.0	1.704505373174156	1.0	0.526458754028829	1.0	1.0	1481.6038182857594	1.2994052980612887	0.6333895190425852	0.001492992223151224	1	2.0	43.057292129528086	0.6726894981907959	28.739678707390024	94.87648350197985	0.4229436040715371	1.0
6000	-956721.8759919172	-957803.6893763489	1081.8133844316858	-17579.805439226726	-231967.46704571074	-352593.17310551414	-355663.24378589727	537.4134633129217	602.0019123143968	0.9325418643466961	1.0868858175089262	0.25	0.25	0.25	0.25	0.25	0.25	0.25	0.25	0.25	0.25	0.25	0.25	0.552078296389384	1.0	1.0	0.5886447201251254	1.0	1.0	1.0	0.3835183145559475	1.704505373174156	1.0	0.526458754028829	1.0	1.0	1478.8482490822541	1.2994052980612887	0.6333895190425852	0.0014720529469919661	1	2.0	43.60042226385699	0.6726894981907959	27.625614996643606	128.6883057344194	0.47955696090809813	1.0
7000	-922919.7464353581	-924027.2681103279	1107.521674969834	-14299.772514211198	-219837.08723509577	-346072.49537081417	-343817.9129902068	537.4083010044009	601.9842632988032	0.9325418643466961	1.0868858175089262	0.25	0.25	0.25	0.25	0.25	0.25	0.25	0.25	0.25	0.25	0.25	0.25	0.3732937930626479	1.0	0.8013241930435057	0.5886447201251254	1.0	1.0	1.0	0.3835183145559475	1.704505373174156	1.0	0.526458754028829	1.0	1.0	1554.0274031120566	1.296177997780054	0.6519667853709594	0.0014980445454140935	1	2.0	43.60042226385699	0.6726894981907959	27.630969938145686	181.67643598985111	0.5569716684292416	1.0
8000	-913292.4201481087	-914377.81767817	1085.397530061288	-13870.266567540699	-218208.11550442263	-342944.9621930547	-339354.4734131521	537.4088187366654	601.8887693044237	0.9325418643466961	1.0868858175089262	0.25	0.25	0.25	0.25	0.25	0.25	0.25	0.25	0.25	0.25	0.25	0.25	0.3732937930626479	1.0	0.8013241930435057	0.5886447201251254	1.0	1.0	1.0	0.3835183145559475	1.704505373174156	1.0	0.526458754028829	1.0	1.0	1570.221551084638	1.296177997780054	0.6561097367316242	0.0015118041791991495	2	2.0	43.60042226385699	0.6726894981907959	27.706662699050085	207.34280613495255	0.5848238810606505	1.0
9000	-889489.8565245254	-890605.6931350634	1115.8366105379127	-12617.200901257267	-214967.94653307315	-338125.72480801464	-324894.82089271845	537.3967723389277	600.6308738444479	0.9325418643466961	1.0868858175089262	0.25	0.25	0.25	0.25	0.25	0.25	0.25	0.25	0.25	0.25	0.25	0.25	0.24018260297674948	1.0	0.49432547658503667	0.5886447201251254	0.6921583744448158	1.0	1.0	0.3835183145559475	1.704505373174156	1.0	0.3219518004133369	1.0	1.0	1616.490482655055	1.296177997780054	0.6679803749939812	0.0013480224975948786	2	2.0	45.9769277394038	0.6726894981907959	29.588071599003772	237.957169854998	0.5899886610541615	1.0
10000	-875225.394763325	-876348.9156573643	1123.5208940393502	-12682.457819215118	-212238.7616837345	-333232.99517626676	-318194.700978148	537.3990929674499	600.7493258955441	1.1671184387993365	0.784752097945288	0.25	0.25	0.25	0.25	0.25	0.25	0.25	0.25	0.25	0.25	0.25	0.25	0.24018260297674948	1.0	0.49432547658503667	0.5886447201251254	0.6921583744448158	1.0	1.0	0.3835183145559475	1.704505373174156	1.0	0.3219518004133369	1.0	1.0	1651.1201450868489	1.2930399265268702	0.6746952596286383	0.0015197946964324942	2	2.0	68.26998164185127	0.6726894981907959	43.638268433564136	541.0613157875486	0.5946374555658948	1.0
11000	-861893.7997792277	-862973.9091175566	1080.1093383289797	-12612.651882631737	-209119.0567233108	-324791.7362086189	-316450.4643029952	537.3993310451084	600.2183085371921	1.1671184387993365	0.784752097945288	0.25	0.25	0.25	0.25	0.25	0.25	0.25	0.25	0.26243418221012754	0.25	0.23756581778987246	0.25	0.24018260297674948	1.0	0.49432547658503667	0.5886447201251254	0.6921583744448158	1.0	1.0	0.20336898857247568	0.9525420738577071	1.0	0.3219518004133369	1.0	1.0	1651.6821134141285	1.2930399265268702	0.6750178290450741	0.001466813883121407	3	2.0	48.56562894014296	0.6726894981907959	30.996021561513903	311.4824523640891	0.6218421669000762	1.0
12000	-841581.0713264486	-842623.3234330087	1042.252106560201	-12671.108186533864	-205521.77848870444	-313640.0550131588	-310790.3817446115	537.3979119152079	600.4588187440161	1.1671184387993365	0.784752097945288	0.25	0.25	0.25	0.25	0.25	0.25	0.25	0.25	0.26243418221012754	0.25	0.23756581778987246	0.25	0.24018260297674948	0.770699291740662	0.49432547658503667	0.3873684405778293	0.6921583744448158	1.0	1.0	0.20336898857247568	0.9525420738577071	1.0	0.3219518004133369	1.0	1.0	1652.8385980295943	1.2930399265268702	0.6750178290450741	0.0015213353299065719	3	2.0	64.31988568822611	0.6726894981907959	41.70558058144905	653.8328300671506	0.6699579200418322	1.0
13000	-831971.6672929946	-832982.4057507681	1010.7384577736026	-12664.451761354525	-203123.28537581445	-310271.2559950205	-306923.41261857864	536.766991235583	598.4319605175633	1.1671184387993365	0.784752097945288	0.25	0.25	0.25	0.25	0.25	0.25	0.25	0.25	0.26243418221012754	0.25	0.23756581778987246	0.25	0.24018260297674948	0.770699291740662	0.49432547658503667	0.3873684405778293	0.6921583744448158	1.0	2.08443334573622	0.20336898857247568	0.9525420738577071	1.0	0.3219518004133369	1.0	1.0	1656.395347613749	1.2930399265268702	0.6750178290450741	0.0015254476700166432	3	2.0	62.24576380651055	0.6726894981907959	41.619766017769344	644.9091103142865	0.6775990983934133	1.0
14000	-822414.6487334514	-823404.3004101606	989.6516767091774	-12645.721273167776	-200446.5119318618	-307206.7057619907	-303105.3614431403	535.9203599902148	598.2047621339407	1.1671184387993365	0.784752097945288	0.23426332373253544	0.26573667626746456	0.25	0.25	0.25	0.25	0.25	0.25	0.26243418221012754	0.25	0.23756581778987246	0.25	0.24018260297674948	0.770699291740662	0.41940078820908183	0.3873684405778293	0.6921583744448158	1.0	2.08443334573622	0.20336898857247568	0.9525420738577071	1.0	0.3219518004133369	1.0	1.0	1679.0995772256656	1.2891885275823138	0.6772092075195796	0.0019882569059156653	3	2.0	62.24576380651055	0.6726894981907959	40.952168335492196	716.4171361078106	0.7020605167155223	1.0
15000	-815069.9394103676	-816019.7987339519	949.8593235842328	-12663.231574252626	-199047.30908445173	-303554.2512251562	-300755.00685009133	535.9273129831063	596.7907853632594	1.1671184387993365	0.784752097945288	0.23426332373253544	0.26573667626746456	0.25	0.25	0.25	0.25	0.25	0.25	0.26243418221012754	0.25	0.23756581778987246	0.25	0.24018260297674948	0.770699291740662	0.41940078820908183	0.3873684405778293	0.6921583744448158	1.0	2.08443334573622	0.20336898857247568	0.9525420738577071	1.0	0.3219518004133369	1.0	1.0	1681.5243841278616	1.2891885275823138	0.6772092075195796	0.0020026932816245395	3	2.0	62.24576380651055	0.6726894981907959	40.88401597062521	756.3456081576323	0.7096904122923953	1.0
16000	-807218.4774281373	-808111.1679093686	892.690481231294	-12600.738378675533	-197469.35563500557	-300301.54569105693	-297739.52820463065	535.9227845004656	596.6074461650702	1.1671184387993365	0.784752097945288	0.23426332373253544	0.26573667626746456	0.25	0.25	0.25	0.25	0.25	0.25	0.26243418221012754	0.25	0.23756581778987246	0.25	0.24018260297674948	0.770699291740662	0.41940078820908183	0.3873684405778293	0.6921583744448158	1.0	2.08443334573622	0.20336898857247568	0.9525420738577071	1.0	0.3219518004133369	1.0	1.0	1679.7041931908284	1.2891885275823138	0.6772092075195796	0.0020433819648132444	5	2.0	62.24576380651055	0.6726894981907959	41.89201954788215	878.8348707223317	0.7488150573039705	1.0
17000	-797671.1981927304	-798539.9394202951	868.7412275645984	-12624.544053191199	-194873.76784123082	-296263.80951470946	-294777.8180111636	535.9165005510308	596.10424490635	1.3710760763077772	0.5220554506026159	0.23426332373253544	0.26573667626746456	0.25	0.25	0.25	0.25	0.25	0.25	0.26243418221012754	0.25	0.23756581778987246	0.25	0.24018260297674948	0.770699291740662	0.41940078820908183	0.20697975463519858	0.6921583744448158	1.0	2.08443334573622	0.20336898857247568	0.9525420738577071	1.0	0.3219518004133369	1.0	1.0	1675.7074540362141	1.2891885275823138	0.6772092075195796	0.00203399780142956	7	2.0	78.88467393974675	0.6726894981907959	57.17251933672195	1435.7880978492713	0.7490337985352629	1.0
18000	-786950.2324277352	-787778.9580636267	828.7256358913869	-12385.144194720253	-192161.35639267904	-290817.6319008048	-292414.8255754225	536.1549044795863	605.4872874008533	1.3710760763077772	0.5220554506026159	0.23426332373253544	0.26573667626746456	0.25	0.25	0.17770049079448785	0.19621439702767818	0.2265474354691195	0.39953767670871454	0.26243418221012754	0.25	0.23756581778987246	0.25	0.24018260297674948	0.6313392736959368	0.41940078820908183	0.15171970586601657	0.6921583744448158	1.3380128938846292	2.08443334573622	0.13450304084580494	0.9525420738577071	0.6888999381934215	0.3219518004133369	0.7691702308662803	1.0	1664.9832603856023	1.2874040041493169	0.6772092075195796	0.0021259569520634234	7	2.3136133869147355	78.88467393974675	0.6726894981907959	57.231801932631605	1482.0716002045233	0.7526962261550961	1.0
19000	-778631.8328941475	-779440.5133081607	808.6804140132695	-12341.230579286632	-191067.3187809403	-285775.2421171865	-290256.7218307474	536.1549044795863	605.3868181025442	1.3710760763077772	0.5220554506026159	0.23426332373253544	0.26573667626746456	0.25	0.25	0.17770049079448785	0.19621439702767818	0.2265474354691195	0.39953767670871454	0.26243418221012754	0.25	0.22401389088100873	0.26355192690886375	0.24018260297674948	0.5196620167835726	0.41940078820908183	0.15171970586601657	0.6921583744448158	1.3380128938846292	2.08443334573622	0.13450304084580494	0.9525420738577071	0.6888999381934215	0.3219518004133369	0.7691702308662803	1.0	1671.3392617097174	1.2874040041493169	0.6789026097795205	0.0021038649359498176	7	2.3136133869147355	85.41536365511263	0.6726894981907959	64.11359196203166	1648.77769330328	0.7281057230193987	1.0
20000	-770485.1139598846	-771242.415307624	757.3013477393636	-11949.456457011413	-189019.02756642786	-281763.35797435284	-288510.5733098319	536.1440844859545	604.3767342988307	1.3710760763077772	0.5220554506026159	0.23426332373253544	0.26573667626746456	0.25	0.25	0.16785293446709693	0.2060619533550691	0.2265474354691195	0.39953767670871454	0.26243418221012754	0.25	0.22401389088100873	0.26355192690886375	0.24018260297674948	0.5196620167835726	0.41940078820908183	0.15171970586601657	0.6921583744448158	1.3380128938846292	2.08443334573622	0.13450304084580494	0.9525420738577071	0.6888999381934215	0.3219518004133369	0.7691702308662803	1.0	1678.440966470739	1.2846871003819678	0.679461181477986	0.002259614874016223	7	2.473473269553858	82.81959159388111	0.6726894981907959	63.671807695032655	1838.211913761464	0.7763558498342221	1.0
21000	-763785.9127623844	-764542.3237418444	756.4109794599525	-11948.430037624616	-188075.45433569537	-278881.83872864937	-285636.6006398751	536.3502613198625	610.8689593053134	1.3710760763077772	0.5220554506026159	0.23426332373253544	0.26573667626746456	0.25	0.25	0.16785293446709693	0.2060619533550691	0.2265474354691195	0.39953767670871454	0.19583481291895072	0.3359381673759912	0.15075984712186036	0.3174671725831978	0.24018260297674948	0.5196620167835726	0.3854356342072337	0.2756458852559178	0.32543827129458847	2.4364837299918296	2.852149651798379	0.13450304084580494	0.7245309485467682	0.6888999381934215	0.24865694718269885	0.7691702308662803	1.4010144855915168	1698.2029478128325	1.2794384724722938	0.6851863773890468	0.002502925717912929	7	2.473473269553858	82.20312864279505	0.6726894981907959	63.26103317377083	1597.0266999227053	0.7256419629045262	1.0
22000	-758076.5653190525	-758791.0410331553	714.4757141027366	-11863.84362886344	-186947.18902569328	-276372.0639484794	-283607.9444301192	536.3287179960355	609.9560493269612	1.3710760763077772	0.5220554506026159	0.23426332373253544	0.26573667626746456	0.25	0.25	0.16785293446709693	0.2060619533550691	0.24215510937210966	0.3839300028057244	0.19583481291895072	0.3359381673759912	0.15075984712186036	0.3174671725831978	0.24018260297674948	0.5196620167835726	0.3854356342072337	0.2756458852559178	0.32543827129458847	2.4364837299918296	2.852149651798379	0.13450304084580494	0.7245309485467682	0.6888999381934215	0.24865694718269885	0.7691702308662803	1.4010144855915168	1696.5665524599258	1.2792587709659808	0.6851863773890468	0.0024656854401693094	8	2.473473269553858	75.63559269418592	0.6719222009680306	56.35148840934819	1403.191206339773	0.72844151521971	1.0
23000	-752474.5341171833	-753098.371078756	623.8369615727453	-11918.571243564269	-185349.78554842604	-274226.7710007159	-281603.2432860498	536.1480529171808	608.0309318487921	1.3710760763077772	0.5220554506026159	0.22756730325360794	0.26573667626746456	0.25669602047892753	0.25	0.16785293446709693	0.2060619533550691	0.24215510937210966	0.3839300028057244	0.19583481291895072	0.3359381673759912	0.15075984712186036	0.3174671725831978	0.24018260297674948	0.5196620167835726	0.3854356342072337	0.2756458852559178	0.32543827129458847	2.4364837299918296	2.852149651798379	0.13450304084580494	0.7245309485467682	1.3310937545328676	0.24865694718269885	0.7691702308662803	1.4010144855915168	1700.6446919669859	1.2779100215164891	0.6851863773890468	0.0026119425649092174	8	2.473473269553858	75.63559269418592	0.6719222009680306	56.522881964234536	1986.4655299525982	0.8336814376857051	1.0
24000	-747982.2966225736	-748576.5449694023	594.2483468286606	-11860.8966373144	-184158.41331002786	-272398.03536182264	-280159.1996602373	536.1480529171808	608.6292818609942	1.3710760763077772	0.5220554506026159	0.22756730325360794	0.26573667626746456	0.25669602047892753	0.25	0.16785293446709693	0.2060619533550691	0.24215510937210966	0.3839300028057244	0.19583481291895072	0.3359381673759912	0.15075984712186036	0.3174671725831978	0.24018260297674948	0.5196620167835726	0.3854356342072337	0.2756458852559178	0.32543827129458847	2.4364837299918296	2.852149651798379	0.13450304084580494	0.7245309485467682	1.3310937545328676	0.24865694718269885	0.7691702308662803	1.4010144855915168	1703.8616307540701	1.275361923817833	0.6857378569571753	0.0027411801335462736	8	2.473473269553858	66.33467506126718	0.6719222009680306	49.79951568799861	1601.0656231894475	0.8467869426610963	1.0
25000	-743824.3378336871	-744369.6711192931	545.3332856059811	-11882.39908801288	-182846.85478541054	-271229.8684791272	-278410.54876674246	536.1596030572083	608.9790764478453	1.3710760763077772	0.5220554506026159	0.22756730325360794	0.26573667626746456	0.25669602047892753	0.25	0.16785293446709693	0.2060619533550691	0.24215510937210966	0.3839300028057244	0.19583481291895072	0.3359381673759912	0.15075984712186036	0.3174671725831978	0.24018260297674948	0.5196620167835726	0.3854356342072337	0.2756458852559178	0.32543827129458847	2.4364837299918296	2.852149651798379	0.13450304084580494	0.7245309485467682	1.3310937545328676	0.24865694718269885	0.7691702308662803	1.4010144855915168	1703.6894615938925	1.275361923817833	0.6857378569571753	0.0027424511641818495	8	2.473473269553858	69.88344056743689	0.6719222009680306	58.78272727238108	1839.2832705640717	0.8491158757403875	1.0
26000	-738662.5091039008	-739159.5570501973	497.0479462965412	-11806.121273857121	-181884.89184705814	-268829.7447315968	-276638.7991976852	536.1846706602373	609.0299237872405	1.3710760763077772	0.5220554506026159	0.22756730325360794	0.26573667626746456	0.25669602047892753	0.25	0.17053899593049107	0.2060619533550691	0.24215510937210966	0.38124394134233025	0.19583481291895072	0.3359381673759912	0.15075984712186036	0.3174671725831978	0.24018260297674948	0.5196620167835726	0.3854356342072337	0.2756458852559178	0.32543827129458847	2.4364837299918296	2.852149651798379	0.13450304084580494	0.7245309485467682	1.3310937545328676	0.24865694718269885	0.7691702308662803	1.4010144855915168	1716.9309593239489	1.275361923817833	0.6890397133048777	0.00261481505632987	8	2.473473269553858	69.88344056743689	0.6088865551618078	58.80609375254384	1867.2343146806586	0.8489376083924699	1.0
27000	-733643.5435042	-734188.0778377184	544.5343335184397	-11698.290600995935	-180591.70079118107	-266572.6636541998	-275325.4227913416	536.2086574746569	609.1342306239754	1.3710760763077772	0.5220554506026159	0.22756730325360794	0.26573667626746456	0.25669602047892753	0.25	0.17053899593049107	0.2060619533550691	0.24215510937210966	0.38124394134233025	0.19583481291895072	0.3359381673759912	0.15075984712186036	0.3174671725831978	0.24018260297674948	0.5196620167835726	0.3854356342072337	0.2756458852559178	0.32543827129458847	2.4364837299918296	2.852149651798379	0.13450304084580494	0.7245309485467682	1.3310937545328676	0.24865694718269885	0.7691702308662803	1.4010144855915168	1779.9553075051272	1.275361923817833	0.7039469552272128	0.00236347398373563	8	2.473473269553858	67.30151029550842	0.673016456277109	56.89550691866544	1750.3907064519756	0.8438927791354915	1.0
28000	-726778.1583634557	-727284.051031731	505.8926682753336	-11334.046164622036	-179528.86806887586	-263421.9631666513	-272999.1736315817	536.4698338873384	609.6284220014309	1.3710760763077772	0.5220554506026159	0.19454540500733986	0.29875857451373267	0.25669602047892753	0.25	0.17053899593049107	0.2060619533550691	0.24215510937210966	0.38124394134233025	0.19583481291895072	0.3359381673759912	0.15075984712186036	0.3174671725831978	0.24018260297674948	0.27658853664294036	0.3854356342072337	0.2756458852559178	0.32543827129458847	2.4364837299918296	2.852149651798379	0.13450304084580494	0.7245309485467682	1.3310937545328676	0.24865694718269885	0.7691702308662803	1.4010144855915168	1779.5843998824953	1.275361923817833	0.7043035844952124	0.0022996499556190908	8	2.473473269553858	67.30151029550842	0.673016456277109	81.07396373518444	1755.4088997392912	0.8339244082624792	1.0
29000	-722515.2003763632	-722965.7820244972	450.5816481338972	-11238.196487766847	-178137.26487045895	-262213.63696493505	-271376.6837013364	536.3161516764355	613.2044011627047	1.3710760763077772	0.5220554506026159	0.16850176818182136	0.3248022113392512	0.25669602047892753	0.25	0.17053899593049107	0.2060619533550691	0.24215510937210966	0.38124394134233025	0.19583481291895072	0.3359381673759912	0.15075984712186036	0.3174671725831978	0.24018260297674948	0.27658853664294036	0.3854356342072337	0.2756458852559178	0.32543827129458847	2.4364837299918296	2.852149651798379	0.13450304084580494	0.7245309485467682	1.3310937545328676	0.24865694718269885	0.7691702308662803	1.4010144855915168	1778.0436136090884	1.274267476673771	0.7049423150202433	0.0023349497736631203	8	2.473473269553858	64.19522255750745	0.6866617145022698	77.08050039872649	1710.6161632206129	0.8505090368732006	1.0
30000	-718634.5646934398	-719057.0510480639	422.48635462409874	-11193.273977862898	-177304.27451729824	-260284.86356365768	-270274.6389892451	536.3385244584778	612.5494537721537	1.2629039954142003	0.6613806719277893	0.16850176818182136	0.3248022113392512	0.25669602047892753	0.25	0.17053899593049107	0.2060619533550691	0.24215510937210966	0.38124394134233025	0.19583481291895072	0.3359381673759912	0.15075984712186036	0.3174671725831978	0.24018260297674948	0.27658853664294036	0.3854356342072337	0.2756458852559178	0.32543827129458847	2.4364837299918296	2.852149651798379	0.13450304084580494	1.0040719296855134	0.7313419989434616	0.24865694718269885	0.7691702308662803	1.4010144855915168	1781.701196256763	1.274267476673771	0.7049423150202433	0.0024060731308192885	7	2.473473269553858	64.51539195862185	0.6866617145022698	78.09197481818313	1726.947813333032	0.8420401679076696	1.0
31000	-714078.8396819336	-714447.1510603281	368.31137839453885	-11155.416058879768	-176055.85375850683	-259033.000268348	-268202.88097459363	536.3385244584778	612.578762746523	1.278145889974825	0.6417491707536256	0.16850176818182136	0.3248022113392512	0.25669602047892753	0.25	0.17053899593049107	0.2060619533550691	0.24215510937210966	0.38124394134233025	0.19583481291895072	0.3359381673759912	0.15075984712186036	0.3174671725831978	0.24018260297674948	0.27658853664294036	0.3854356342072337	0.2756458852559178	0.32543827129458847	2.4364837299918296	3.7834631540551147	0.13450304084580494	1.0040719296855134	0.7313419989434616	0.390043638985596	0.7691702308662803	0.8621059835915064	1777.7991473011948	1.2746004079585036	0.7049680580687006	0.0022623141498942356	7	2.473473269553858	62.59650260289322	0.6998838506051488	75.98720640911107	1683.9884889965954	0.8444149393559388	1.0
32000	-712219.9624735235	-712459.6794317218	239.71695819832283	-11165.9702915333	-175712.01428488773	-258212.5962438035	-267369.0986114973	536.261296069304	613.8470482476797	1.278145889974825	0.6417491707536256	0.16850176818182136	0.3248022113392512	0.25669602047892753	0.25	0.17053899593049107	0.2060619533550691	0.24215510937210966	0.38124394134233025	0.19583481291895072	0.3359381673759912	0.15075984712186036	0.3174671725831978	0.24018260297674948	0.27658853664294036	0.3854356342072337	0.4137246391428533	0.32543827129458847	2.4364837299918296	3.7834631540551147	0.13450304084580494	1.0040719296855134	0.7313419989434616	0.390043638985596	0.7691702308662803	0.8621059835915064	1779.112790787343	1.275811469852012	0.7049680580687006	0.002304450127098951	6	2.473473269553858	62.59650260289322	0.8183006723532007	75.93599515950753	1701.3230023477167	0.8431212502886739	1.0
33000	-708611.0121401425	-708915.4625926693	304.4504525267791	-11165.15809582197	-175216.99030630442	-256094.92618444067	-266438.3880061022	536.2522952213739	612.9846037026308	1.278145889974825	0.6417491707536256	0.16850176818182136	0.3248022113392512	0.25669602047892753	0.25	0.17053899593049107	0.2060619533550691	0.24215510937210966	0.38124394134233025	0.19583481291895072	0.3359381673759912	0.15075984712186036	0.3174671725831978	0.24018260297674948	0.27658853664294036	0.3854356342072337	0.4137246391428533	0.32543827129458847	2.4364837299918296	3.7834631540551147	0.13450304084580494	1.0040719296855134	0.7313419989434616	0.390043638985596	0.513076942320649	0.8621059835915064	1789.5427012667278	1.275811469852012	0.7073213562257231	0.002236998131343012	6	2.473473269553858	61.294481506692684	0.6983231200318178	74.56577012780922	1857.8779761812427	0.8866222068993047	1.0
34000	-705809.6261937654	-706085.7663797953	276.140186029821	-11142.21360052793	-174566.84265437885	-255022.48708604378	-265354.22303884465	536.2897552011937	612.2229654463815	1.278145889974825	0.6417491707536256	0.16850176818182136	0.3248022113392512	0.25669602047892753	0.25	0.17053899593049107	0.2060619533550691	0.24215510937210966	0.38124394134233025	0.19583481291895072	0.3359381673759912	0.15075984712186036	0.3174671725831978	0.24018260297674948	0.27658853664294036	0.3854356342072337	0.4137246391428533	0.32543827129458847	2.4364837299918296	3.7834631540551147	0.13450304084580494	1.0040719296855134	0.7313419989434616	0.390043638985596	0.513076942320649	0.8621059835915064	1804.2442574655497	1.275811469852012	0.7105428913606117	0.002214323649626366	6	2.473473269553858	61.294481506692684	0.7028011980052102	75.37073031330394	1911.8801984634856	0.8882853601934282	1.0
35000	-701635.9874190115	-701851.6639951001	215.67657608854066	-11053.170764700102	-173493.91210662402	-253681.7507395311	-263622.83038424485	536.2756070294381	612.8974652838592	1.278145889974825	0.6417491707536256	0.16850176818182136	0.3248022113392512	0.25669602047892753	0.25	0.17053899593049107	0.2060619533550691	0.24215510937210966	0.38124394134233025	0.20509157666267708	0.32951035136384127	0.141503083378134	0.3238949885953477	0.24018260297674948	0.27658853664294036	0.3854356342072337	0.4137246391428533	0.32543827129458847	2.4364837299918296	3.7834631540551147	0.13450304084580494	1.0040719296855134	0.7313419989434616	0.390043638985596	0.513076942320649	0.8621059835915064	1803.1464957014487	1.2755471790266664	0.7105428913606117	0.002213634532444236	6	2.473473269553858	61.294481506692684	0.7803803638969398	75.53521469919751	1668.8351105192717	0.8320422977261114	1.0
36000	-696858.0117973932	-697051.2531326043	193.2413352110936	-11082.90608356488	-172465.95176298436	-251427.44049464518	-262074.95479140984	536.3379046206617	614.159551064507	1.297123430848199	0.6173061715938734	0.16850176818182136	0.3248022113392512	0.25669602047892753	0.25	0.17053899593049107	0.2060619533550691	0.24215510937210966	0.38124394134233025	0.20509157666267708	0.32951035136384127	0.141503083378134	0.3238949885953477	0.24018260297674948	0.27658853664294036	0.3854356342072337	0.4137246391428533	0.32543827129458847	2.4364837299918296	3.7834631540551147	0.13450304084580494	1.0040719296855134	0.7313419989434616	0.390043638985596	0.513076942320649	0.8621059835915064	1802.9063716916396	1.2755471790266664	0.7106736620440423	0.002170112116436153	5	2.473473269553858	57.695577474003514	0.7511629049768539	70.79945280662504	1518.7953314382116	0.8351380491378271	1.0
37000	-693152.9327072982	-693291.5960868115	138.66337951333023	-11069.59847590201	-171653.83720395627	-249664.84691114712	-260903.31349580607	536.2226579319258	609.7867478839406	1.297123430848199	0.6173061715938734	0.16850176818182136	0.3248022113392512	0.25669602047892753	0.25	0.23203717596804932	0.23698049233731988	0.25328973870796456	0.27769259298666615	0.20509157666267708	0.32951035136384127	0.141503083378134	0.3238949885953477	0.24018260297674948	0.3240673636828823	0.3854356342072337	0.34799248644973335	0.21107896936343412	1.424378231379433	3.7834631540551147	0.14945642833312195	1.0040719296855134	0.743648384181382	0.390043638985596	0.7061892167148809	0.8621059835915064	1807.8426097008298	1.2755471790266664	0.7106736620440423	0.0022279636871762377	6	2.473473269553858	55.99218770999022	0.7736800150189315	70.66352055547534	1522.5136732137728	0.8500127724465535	1.0
38000	-689196.7725920248	-689364.094144699	167.32155267430443	-10941.92218475624	-170544.01270198403	-248011.07317398748	-259867.0860839713	536.2292551431572	608.4755980422989	1.297123430848199	0.6173061715938734	0.16850176818182136	0.3248022113392512	0.25669602047892753	0.25	0.23203717596804932	0.23698049233731988	0.25328973870796456	0.27769259298666615	0.20509157666267708	0.32951035136384127	0.141503083378134	0.3238949885953477	0.24018260297674948	0.3240673636828823	0.3854356342072337	0.34799248644973335	0.21107896936343412	1.424378231379433	3.7834631540551147	0.14945642833312195	1.0040719296855134	0.743648384181382	0.390043638985596	0.7061892167148809	0.8621059835915064	1834.1274533214723	1.2755471790266664	0.716456563840764	0.0020934145891427568	6	2.473473269553858	55.39566194611231	0.7037567630252456	68.90727267692743	1756.993280406799	0.9155762034294821	1.0
39000	-686395.4924403486	-686520.6756566627	125.1832163141117	-10921.849119429078	-169623.7409781029	-247221.29953602733	-258753.78602310343	536.2738965229231	609.1289916619183	1.3432186350344066	0.5579357270926639	0.16850176818182136	0.3248022113392512	0.25669602047892753	0.25	0.23203717596804932	0.23698049233731988	0.25328973870796456	0.27769259298666615	0.20509157666267708	0.32951035136384127	0.141503083378134	0.3238949885953477	0.24018260297674948	0.3240673636828823	0.3854356342072337	0.34799248644973335	0.21107896936343412	1.424378231379433	3.7834631540551147	0.14945642833312195	1.0040719296855134	0.743648384181382	0.390043638985596	0.7061892167148809	0.8621059835915064	1833.5708630111576	1.2755471790266664	0.716456563840764	0.0020986125842439363	6	2.473473269553858	53.35130004142723	0.713676888013128	49.97694973433803	1674.463053135122	0.918035686764341	1.0
40000	-682146.177693624	-682247.2117619289	101.03406830475484	-10622.742683860462	-168125.95760383847	-246293.78876606422	-257204.72270816567	536.3342706293037	608.561364115829	1.3432186350344066	0.5579357270926639	0.16850176818182136	0.3248022113392512	0.25669602047892753	0.25	0.23203717596804932	0.23698049233731988	0.25328973870796456	0.27769259298666615	0.20509157666267708	0.31734236698926266	0.141503083378134	0.3360629729699263	0.24018260297674948	0.3240673636828823	0.3854356342072337	0.19428629984107684	0.21107896936343412	1.424378231379433	3.7834631540551147	0.14945642833312195	1.0040719296855134	0.743648384181382	0.390043638985596	0.7061892167148809	0.8621059835915064	1839.716692948868	1.2687705703441063	0.716456563840764	0.0024640182142303063	6	2.473473269553858	53.35130004142723	0.713676888013128	50.097703388872524	1699.2874674740976	0.9170134891486494	1.0
41000	-679180.3296526684	-679248.5744921968	68.24483952834075	-10594.049851056134	-167903.4974152445	-244670.21518529023	-256080.81204060587	536.353729919822	609.7147374245864	1.3432186350344066	0.5579357270926639	0.16850176818182136	0.3248022113392512	0.25669602047892753	0.25	0.23203717596804932	0.23698049233731988	0.25328973870796456	0.27769259298666615	0.20509157666267708	0.31734236698926266	0.141503083378134	0.3360629729699263	0.24018260297674948	0.3240673636828823	0.3854356342072337	0.19428629984107684	0.21107896936343412	1.424378231379433	3.7834631540551147	0.14945642833312195	1.0040719296855134	0.743648384181382	0.390043638985596	0.7061892167148809	0.8621059835915064	1838.3069698069617	1.2687705703441063	0.716456563840764	0.0024784946025308147	6	2.473473269553858	52.691436898408995	0.6965668806236585	50.85329124739471	1693.6948851773159	0.9207655483148985	0.9999701942468028
42000	-676561.2052419629	-676595.1469089094	33.941666946523966	-10549.160761233687	-167132.3691890102	-243657.93602207425	-255255.68093659132	536.3708558250769	610.1703940074914	1.3432186350344066	0.5579357270926639	0.16850176818182136	0.29897056955188944	0.25669602047892753	0.27583164178736175	0.23203717596804932	0.24709316120514777	0.25328973870796456	0.26757992411883824	0.20509157666267708	0.31734236698926266	0.141503083378134	0.3360629729699263	0.24018260297674948	0.3240673636828823	0.3854356342072337	0.19428629984107684	0.21107896936343412	1.424378231379433	3.7834631540551147	0.14945642833312195	1.0040719296855134	0.743648384181382	0.390043638985596	0.7061892167148809	0.8621059835915064	1837.4096643390226	1.2687705703441063	0.716456563840764	0.0024720404835612488	6	2.473473269553858	52.691436898408995	0.724818850838776	50.88185529240384	2807.511306227741	1.1673858191707736	0.9999701942468028
43000	-674676.2720152684	-674677.8669570298	1.5949417613763113	-10542.919428048184	-166688.6327811165	-242705.17765416845	-254741.1370936966	536.4938956017023	617.6188799698757	1.2851923467926196	0.6326733616577148	0.16850176818182136	0.29897056955188944	0.25669602047892753	0.27583164178736175	0.23203717596804932	0.24709316120514777	0.25328973870796456	0.26757992411883824	0.3115527167159344	0.279120605811295	0.11758581389949564	0.29174086357327494	0.24018260297674948	0.3240673636828823	0.32222676215442325	0.19428629984107684	0.16905726714050706	1.424378231379433	3.297375354683657	0.14945642833312195	0.7228061648892704	0.743648384181382	0.29106729199625253	0.7061892167148809	1.0301295613325174	1827.688437530268	1.2669118345486574	0.716480126971599	0.002532919330957175	6	2.473473269553858	52.11596739669705	0.7385035595837871	50.12053977234396	2739.7270530641927	1.1630245545504876	0.9999701942468028
44000	-672296.4796256308	-672267.7353095735	-28.74431605730722	-10566.621661141771	-165969.54238411508	-241718.07334019936	-254013.49792411726	536.2283853619376	616.7400096097973	1.2851923467926196	0.6326733616577148	0.16850176818182136	0.29897056955188944	0.25669602047892753	0.27583164178736175	0.23203717596804932	0.24709316120514777	0.25328973870796456	0.26757992411883824	0.3115527167159344	0.279120605811295	0.11758581389949564	0.29174086357327494	0.24018260297674948	0.3240673636828823	0.32222676215442325	0.19428629984107684	0.16905726714050706	1.424378231379433	3.297375354683657	0.14945642833312195	0.7228061648892704	0.743648384181382	0.29106729199625253	0.7061892167148809	1.0301295613325174	1828.4682372664663	1.2669118345486574	0.716480126971599	0.002598907716142135	7	2.473473269553858	52.11596739669705	0.7268943960014862	50.09930055277717	2771.235387046644	1.1598749214986692	0.9999701942468028
45000	-669969.6610841462	-669848.2235362604	-121.43754788577745	-10574.746437623742	-165184.9286479957	-240868.85332887192	-253219.69512176912	536.1318908709982	617.6587661139976	1.2956493008897303	0.6192048452722301	0.16850176818182136	0.29897056955188944	0.25669602047892753	0.27583164178736175	0.23203717596804932	0.24709316120514777	0.25328973870796456	0.26757992411883824	0.30456591268130984	0.279120605811295	0.11758581389949564	0.2987276676078995	0.24018260297674948	0.3240673636828823	0.32222676215442325	0.19428629984107684	0.16905726714050706	1.424378231379433	3.297375354683657	0.14945642833312195	0.7228061648892704	0.743648384181382	0.29106729199625253	0.7061892167148809	1.0301295613325174	1824.2387519868298	1.26649855760118	0.7160748995020721	0.0025632557619949263	7	2.473473269553858	51.45645103530366	0.829397290827913	49.59204803289536	2720.999554980965	1.155447057018267	0.9999701942468028
46000	-666924.5892877609	-666876.046237072	-48.543050688866515	-10716.487865380666	-164246.96939771512	-239562.1938143072	-252350.39515966905	536.2024211596698	617.514510539357	1.2956493008897303	0.6192048452722301	0.16850176818182136	0.29897056955188944	0.25669602047892753	0.27583164178736175	0.23203717596804932	0.24709316120514777	0.25328973870796456	0.26757992411883824	0.2968349795202932	0.28685153897231164	0.11758581389949564	0.2987276676078995	0.24018260297674948	0.3240673636828823	0.32222676215442325	0.19428629984107684	0.16905726714050706	1.424378231379433	3.297375354683657	0.14945642833312195	0.7228061648892704	0.743648384181382	0.29106729199625253	0.7061892167148809	1.0301295613325174	1846.3454079490311	1.268138327320992	0.7208456981847614	0.0024336419088092608	7	2.473473269553858	50.16887259129369	0.7363016784079612	48.4447926318897	2599.804485958634	1.1573469355489943	0.9999701942468028
47000	-664599.7438731318	-664484.6388077053	-115.10506542658933	-10719.647421586695	-163215.78602345564	-239006.4197965689	-251542.78556609398	536.2024211596698	621.6544932305322	1.2956493008897303	0.6192048452722301	0.16850176818182136	0.29897056955188944	0.25669602047892753	0.27583164178736175	0.23203717596804932	0.24709316120514777	0.25328973870796456	0.26757992411883824	0.2968349795202932	0.28685153897231164	0.11758581389949564	0.2987276676078995	0.24018260297674948	0.3240673636828823	0.32222676215442325	0.19428629984107684	0.16905726714050706	1.424378231379433	3.297375354683657	0.14945642833312195	0.7228061648892704	0.743648384181382	0.29106729199625253	0.7061892167148809	1.0301295613325174	1879.6538003511055	1.268138327320992	0.7290306428421351	0.0022415864545439292	6	2.473473269553858	50.39455158438486	0.8587749785873408	51.66553841548128	2660.4330384643235	1.1618089483806084	0.9999701942468028
48000	-662060.1026350632	-662000.0131074893	-60.08952757394549	-10963.720981461342	-161454.33599960772	-238171.32943861678	-251410.62668780348	536.2120321287061	621.4900922782928	1.2956493008897303	0.6192048452722301	0.16850176818182136	0.29897056955188944	0.25669602047892753	0.27583164178736175	0.23203717596804932	0.24709316120514777	0.25328973870796456	0.26757992411883824	0.2968349795202932	0.28685153897231164	0.11758581389949564	0.2987276676078995	0.3163457983445337	0.3240673636828823	0.32222676215442325	0.19428629984107684	0.16905726714050706	1.424378231379433	3.297375354683657	0.14945642833312195	0.7228061648892704	0.743648384181382	0.29106729199625253	0.7061892167148809	1.0301295613325174	1881.6169476376106	1.2635743149790275	0.7290306428421351	0.0024741725513501614	6	2.473473269553858	49.584739555377276	0.7563224595274934	51.18129970868327	2594.752562286023	1.1584407293741872	0.9999701942468028
49000	-658432.6443946206	-658363.5980080139	-69.04638660667534	-10859.633652752142	-160253.86416277176	-237060.78156407498	-250189.31862841497	536.144386775841	615.874437662597	1.2273199863010698	0.7072127378765017	0.16850176818182136	0.29897056955188944	0.25669602047892753	0.27583164178736175	0.23203717596804932	0.24709316120514777	0.25328973870796456	0.26757992411883824	0.2968349795202932	0.28685153897231164	0.099617048126783	0.31669643338061215	0.3163457983445337	0.3240673636828823	0.32222676215442325	0.19428629984107684	0.16905726714050706	1.424378231379433	3.297375354683657	0.14945642833312195	0.7228061648892704	0.743648384181382	0.29106729199625253	0.7061892167148809	1.0301295613325174	1890.0393196436394	1.2635743149790275	0.7290306428421351	0.0024037352775535983	6	2.871101238411105	43.32143381613974	0.7469875128131506	42.14387967739806	1992.8782246244036	1.156459081936578	0.9999468184616997
50000	-656247.8926241106	-656169.9479320851	-77.9446920253799	-10644.686748395583	-159841.38292951722	-236479.82549819964	-249204.05275597272	536.1826825863697	613.512726755445	1.2273199863010698	0.7072127378765017	0.16850176818182136	0.29897056955188944	0.25669602047892753	0.27583164178736175	0.23203717596804932	0.24709316120514777	0.25328973870796456	0.26757992411883824	0.2968349795202932	0.28685153897231164	0.099617048126783	0.31669643338061215	0.3163457983445337	0.3240673636828823	0.32222676215442325	0.19428629984107684	0.16905726714050706	1.424378231379433	3.297375354683657	0.18290131731397494	0.7228061648892704	0.743648384181382	0.44667115796387435	0.7061892167148809	1.0301295613325174	1893.0978711204732	1.2635743149790275	0.7289538746093015	0.0024439753388198634	6	2.871101238411105	41.85480253543849	0.7581018841462216	39.32815012354177	1863.5445564648005	1.1566548611160448	0.9999468184616997
51000	-654364.2178094308	-654273.7649341	-90.45287533085394	-10638.71350679423	-159519.044413824	-235572.32286481227	-248543.68414866942	536.1610837546583	613.2105688446962	1.2273199863010698	0.7072127378765017	0.16850176818182136	0.29897056955188944	0.25669602047892753	0.27583164178736175	0.23203717596804932	0.24709316120514777	0.25328973870796456	0.26757992411883824	0.2968349795202932	0.25579843529183055	0.099617048126783	0.34774953706109324	0.3163457983445337	0.3240673636828823	0.32222676215442325	0.19428629984107684	0.16905726714050706	1.424378231379433	3.297375354683657	0.18290131731397494	0.7228061648892704	0.743648384181382	0.44667115796387435	0.7061892167148809	1.0301295613325174	1893.6560117233753	1.2635743149790275	0.7289538746093015	0.002458480263414274	6	2.871101238411105	42.54971672085224	0.7475665330062624	38.66638040787791	1947.458812195481	1.1607423742833496	0.9999468184616997
52000	-652456.2976347988	-652307.6681363324	-148.62949846632668	-10660.381426770056	-159254.89479561153	-234604.30204613117	-247788.08986781965	536.6795234832165	614.0105289050329	1.2273199863010698	0.7072127378765017	0.16850176818182136	0.29897056955188944	0.25669602047892753	0.27583164178736175	0.23203717596804932	0.24709316120514777	0.25328973870796456	0.26757992411883824	0.2968349795202932	0.25579843529183055	0.099617048126783	0.34774953706109324	0.3163457983445337	0.3240673636828823	0.32222676215442325	0.19428629984107684	0.16905726714050706	1.424378231379433	3.297375354683657	0.18290131731397494	0.7228061648892704	0.743648384181382	0.44667115796387435	0.7061892167148809	1.0301295613325174	1913.935763373049	1.2635743149790275	0.7337715713556553	0.0021739079695248594	5	2.871101238411105	42.54971672085224	0.8490738783589158	39.06944810757433	2472.0298939845584	1.2914652340348438	0.9999468184616997
53000	-650409.0879872848	-650248.7037482322	-160.3842390525949	-10602.988883790982	-159033.69762438696	-233717.29367637704	-246894.72356367717	536.5522798390091	614.0061076890877	1.2273199863010698	0.7072127378765017	0.16850176818182136	0.29897056955188944	0.25669602047892753	0.27583164178736175	0.21487553971518625	0.24709316120514777	0.25328973870796456	0.28474156037170134	0.2968349795202932	0.25579843529183055	0.099617048126783	0.34774953706109324	0.3163457983445337	0.3240673636828823	0.32222676215442325	0.19428629984107684	0.16905726714050706	1.424378231379433	3.297375354683657	0.18290131731397494	0.6377393691499686	0.743648384181382	0.44667115796387435	0.4873825402972906	1.0301295613325174	1912.5956783134445	1.2635743149790275	0.7330450270139346	0.0023067489889824436	5	2.871101238411105	42.152577676582055	0.8698185098498811	38.026113517510666	1072.0105672657585	0.8795873897888759	0.9999468184616997
54000	-648691.0878095833	-648540.2039462576	-150.8838633256604	-10415.285334964665	-158813.7920274957	-233174.30651722403	-246136.82006657321	536.3471349440988	614.1247189079999	1.2252523275817495	0.7098758743005633	0.16850176818182136	0.27858831259608813	0.25669602047892753	0.29621389874316306	0.21487553971518625	0.24709316120514777	0.25328973870796456	0.28474156037170134	0.2968349795202932	0.25579843529183055	0.099617048126783	0.34774953706109324	0.3163457983445337	0.4799378490083746	0.32222676215442325	0.19428629984107684	0.16905726714050706	1.424378231379433	3.297375354683657	0.18290131731397494	0.6377393691499686	0.743648384181382	0.44667115796387435	0.4873825402972906	1.0301295613325174	1914.9969861423492	1.2635743149790275	0.7334809107974037	0.0023353023624209943	5	2.871101238411105	42.152577676582055	0.8455240888941459	37.90850420907335	1125.085699047947	0.8974110695224504	0.9999468184616997
55000	-646954.5358492805	-646752.4471903201	-202.08865896042886	-10379.419799554664	-158259.1639559088	-232326.54711042522	-245787.3163244314	536.306394931926	614.1539035150183	1.2252523275817495	0.7098758743005633	0.16850176818182136	0.27858831259608813	0.25669602047892753	0.29621389874316306	0.21487553971518625	0.24709316120514777	0.25328973870796456	0.28474156037170134	0.2968349795202932	0.25579843529183055	0.099617048126783	0.34774953706109324	0.3163457983445337	0.4799378490083746	0.32222676215442325	0.19428629984107684	0.16905726714050706	1.424378231379433	3.297375354683657	0.18290131731397494	0.6377393691499686	0.743648384181382	0.44667115796387435	0.4873825402972906	1.0301295613325174	1924.734716913862	1.2635743149790275	0.7358102122216605	0.0022071780062859936	5	2.871101238411105	42.100705217598275	0.8898373649050032	35.47331316181001	1109.978438581682	0.8896742686385574	0.9999468184616997
56000	-645775.0385939165	-645596.0341443431	-179.0044495732941	-10361.249004322377	-157901.77188370822	-232143.9920850175	-245189.02117129503	536.4553812079839	614.9987301698266	1.2252523275817495	0.7098758743005633	0.16850176818182136	0.27858831259608813	0.25669602047892753	0.29621389874316306	0.21487553971518625	0.24709316120514777	0.25328973870796456	0.28474156037170134	0.2968349795202932	0.25579843529183055	0.099617048126783	0.34774953706109324	0.3163457983445337	0.4799378490083746	0.32222676215442325	0.19428629984107684	0.16905726714050706	1.424378231379433	3.297375354683657	0.18290131731397494	0.6377393691499686	0.743648384181382	0.44667115796387435	0.4873825402972906	1.0301295613325174	1922.7183266296117	1.2670325712551258	0.7358102122216605	0.0021313726118925014	5	2.871101238411105	41.00336797884366	0.8568952524134686	34.566719219239644	1082.9597110183024	0.9011923791259274	0.9999468184616997
57000	-643285.7368271663	-643104.483155261	-181.2536719052785	-10358.015076625199	-156663.86219985798	-231279.85923659362	-244802.74664218427	536.3443155968358	615.9645351420827	1.2252523275817495	0.7098758743005633	0.16850176818182136	0.27858831259608813	0.25669602047892753	0.29621389874316306	0.21487553971518625	0.24709316120514777	0.25328973870796456	0.28474156037170134	0.2968349795202932	0.25579843529183055	0.099617048126783	0.34774953706109324	0.3163457983445337	0.4799378490083746	0.32222676215442325	0.19428629984107684	0.16905726714050706	1.424378231379433	3.297375354683657	0.18290131731397494	0.6377393691499686	0.743648384181382	0.44667115796387435	0.4873825402972906	1.0301295613325174	1940.6655513442288	1.2650539824243108	0.7398623607929641	0.0021098617677827477	5	2.871101238411105	41.00336797884366	0.8790208211144741	32.93436095035089	1073.6262324993204	0.8991080444564159	0.9999468184616997
58000	-640237.8395903907	-640102.524911486	-135.3146789046655	-10255.739800660212	-155970.3292001641	-230242.60701748266	-243633.84889317895	536.2403307942293	616.5482517514336	1.2252523275817495	0.7098758743005633	0.16850176818182136	0.24640998357178207	0.2888743495032336	0.29621389874316306	0.21487553971518625	0.24709316120514777	0.25328973870796456	0.28474156037170134	0.2968349795202932	0.2448864573056701	0.11052902611294343	0.34774953706109324	0.3163457983445337	0.4799378490083746	0.32222676215442325	0.19428629984107684	0.16905726714050706	1.424378231379433	3.297375354683657	0.18290131731397494	0.6377393691499686	0.743648384181382	0.44667115796387435	0.4873825402972906	1.0301295613325174	1941.3608325807973	1.264686308530743	0.7398623607929641	0.0021053483267587164	4	2.871101238411105	39.61156157343602	0.7852517552091861	31.98718698433682	1002.3126351029375	0.899158552430594	0.9999468184616997
59000	-638489.9525681146	-638352.5009051065	-137.45166300803334	-10249.368506777053	-155624.40183090122	-229713.0718947798	-242765.6586726485	536.2403307942293	615.2095903606961	1.2252523275817495	0.7098758743005633	0.16850176818182136	0.24640998357178207	0.2888743495032336	0.29621389874316306	0.21487553971518625	0.24709316120514777	0.25328973870796456	0.28474156037170134	0.2968349795202932	0.2448864573056701	0.11052902611294343	0.34774953706109324	0.3163457983445337	0.4799378490083746	0.32222676215442325	0.19428629984107684	0.16905726714050706	1.424378231379433	3.297375354683657	0.18290131731397494	0.6377393691499686	0.743648384181382	0.44667115796387435	0.4873825402972906	1.0301295613325174	1943.6702036506358	1.258391933846327	0.7398623607929641	0.00244523042591553	5	2.871101238411105	39.61156157343602	0.8042725222313575	32.04791887755381	973.2622977339762	0.8880780785290193	0.9999468184616997
60000	-636777.65940798	-636624.0713065944	-153.5881013856661	-10219.62727075788	-155284.98380505256	-229146.78417306227	-241972.6760577217	536.1283366657561	614.5141313712544	1.1888785516178522	0.7567251568949149	0.16850176818182136	0.24640998357178207	0.2888743495032336	0.29621389874316306	0.21487553971518625	0.24709316120514777	0.25328973870796456	0.28474156037170134	0.2968349795202932	0.2448864573056701	0.11052902611294343	0.34774953706109324	0.3163457983445337	0.4799378490083746	0.32222676215442325	0.19428629984107684	0.16905726714050706	1.424378231379433	3.297375354683657	0.18290131731397494	0.6377393691499686	0.743648384181382	0.44667115796387435	0.4873825402972906	1.0301295613325174	1968.0935032250404	1.2603981842107406	0.7448314653913861	0.0022330080129556386	5	2.871101238411105	39.61156157343602	0.8557229516106784	32.001158057166094	960.9799232612141	0.8814219965144745	0.9999468184616997
61000	-635881.5322846407	-635765.3878721859	-116.14441245483104	-10218.701101149	-155048.3380528937	-228819.6499515505	-241678.6987665927	536.1283366657561	614.5029845236957	1.1888785516178522	0.7567251568949149	0.16850176818182136	0.24640998357178207	0.2888743495032336	0.29621389874316306	0.21487553971518625	0.24709316120514777	0.25328973870796456	0.28474156037170134	0.2968349795202932	0.2448864573056701	0.11052902611294343	0.34774953706109324	0.3163457983445337	0.4799378490083746	0.32222676215442325	0.19428629984107684	0.16905726714050706	1.424378231379433	3.297375354683657	0.18290131731397494	0.6377393691499686	0.743648384181382	0.44667115796387435	0.4873825402972906	1.0301295613325174	1978.1975861186506	1.2603981842107406	0.746796128869128	0.002207601929046889	5	2.871101238411105	39.61156157343602	0.7713110308983288	31.947157725641713	965.0656346130197	0.883629953852342	0.9999468184616997
62000	-634639.656474055	-634501.5821768676	-138.07429718739962	-10218.14568957562	-154581.57790477647	-228448.13157954978	-241253.72700296578	536.1852857133671	616.9403300552202	1.1888785516178522	0.7567251568949149	0.16850176818182136	0.24640998357178207	0.2888743495032336	0.29621389874316306	0.21487553971518625	0.24709316120514777	0.25328973870796456	0.28474156037170134	0.2968349795202932	0.2448864573056701	0.11052902611294343	0.34774953706109324	0.3163457983445337	0.4799378490083746	0.32222676215442325	0.19428629984107684	0.16905726714050706	1.424378231379433	3.297375354683657	0.18290131731397494	0.6377393691499686	0.743648384181382	0.44667115796387435	0.4873825402972906	1.0301295613325174	1979.5131756595556	1.260585543917075	0.7478020479629757	0.002162863011795887	5	2.871101238411105	38.716016614031666	0.8204579700679339	31.577826470854973	930.3536898488885	0.8839055019973653	0.9999468184616997
63000	-633784.1495810503	-633637.5219530258	-146.62762802447742	-10217.512070755642	-154299.20402363376	-228190.7010354342	-240930.1048232023	536.1997699730941	616.4804038508024	1.1888785516178522	0.7567251568949149	0.16850176818182136	0.24640998357178207	0.2888743495032336	0.29621389874316306	0.21487553971518625	0.24709316120514777	0.25328973870796456	0.28474156037170134	0.2968349795202932	0.2448864573056701	0.11052902611294343	0.34774953706109324	0.3163457983445337	0.4799378490083746	0.32222676215442325	0.19428629984107684	0.18250703351935793	1.424378231379433	3.297375354683657	0.18290131731397494	0.6377393691499686	0.743648384181382	0.44667115796387435	0.4873825402972906	1.0301295613325174	1979.0116571728806	1.260585543917075	0.7478020479629757	0.0021280940526084836	5	2.871101238411105	39.118666455004124	0.8204579700679339	31.903496332968995	954.8171597706221	0.8861859629560832	0.9999468184616997
64000	-632195.12079975	-631987.3998680522	-207.72093169777287	-10279.042599692068	-154048.4543259041	-227319.92652190244	-240339.97642055366	536.1493242173956	615.1365007004389	1.1888785516178522	0.7567251568949149	0.16850176818182136	0.24640998357178207	0.2888743495032336	0.29621389874316306	0.21487553971518625	0.24709316120514777	0.25328973870796456	0.28474156037170134	0.2968349795202932	0.2448864573056701	0.11052902611294343	0.34774953706109324	0.3163457983445337	0.4799378490083746	0.4053925299397911	0.19428629984107684	0.18250703351935793	1.424378231379433	3.297375354683657	0.18290131731397494	0.6377393691499686	0.743648384181382	0.44667115796387435	0.4873825402972906	1.0301295613325174	1981.7507938597555	1.260585543917075	0.7478020479629757	0.0021894976121896235	5	2.871101238411105	39.118666455004124	0.8875984139750214	31.96071577294749	1000.7275508243604	0.9002154564909338	0.9999468184616997
65000	-629735.5338936897	-629566.2969938719	-169.2368998178632	-10211.86263325462	-153467.06427664435	-226383.50263194615	-239503.86745202684	536.0693739142993	615.7527701293525	1.1888785516178522	0.7567251568949149	0.16850176818182136	0.24640998357178207	0.2888743495032336	0.29621389874316306	0.21487553971518625	0.24709316120514777	0.25328973870796456	0.28474156037170134	0.2968349795202932	0.2448864573056701	0.11052902611294343	0.34774953706109324	0.3163457983445337	0.4799378490083746	0.4053925299397911	0.3213870216836096	0.18250703351935793	1.424378231379433	2.268606167970308	0.18290131731397494	0.6377393691499686	0.743648384181382	0.44667115796387435	0.4873825402972906	1.0301295613325174	1981.0578059243835	1.260585543917075	0.7478020479629757	0.0021865649007924096	5	2.871101238411105	37.27648874980561	0.799196080729508	31.676103105564042	890.7346769727484	0.890312970139749	0.9999468184616997
66000	-627884.4887402034	-627710.9395518579	-173.54918834553297	-10228.652025379877	-153258.9887431702	-225327.37115634765	-238895.92762696013	535.8413531759452	614.1368069194756	1.1888785516178522	0.7567251568949149	0.16850176818182136	0.24640998357178207	0.2888743495032336	0.29621389874316306	0.21487553971518625	0.24709316120514777	0.25328973870796456	0.28474156037170134	0.2968349795202932	0.2448864573056701	0.11052902611294343	0.34774953706109324	0.3163457983445337	0.4799378490083746	0.4053925299397911	0.3213870216836096	0.18250703351935793	1.424378231379433	2.268606167970308	0.18290131731397494	0.4507417758927511	0.743648384181382	0.44667115796387435	0.4873825402972906	1.0301295613325174	2016.2604913666828	1.257593833125131	0.7545666230765647	0.0020863514362837216	5	2.871101238411105	38.23719714070777	0.8084167382284884	34.39739818369317	977.9542498637052	0.8984415330690079	0.9999468184616997
67000	-626436.4599957676	-626245.1404032174	-191.31959255017964	-10221.928303114488	-152918.17671017864	-224729.2282683251	-238375.80712159927	535.8923262666814	615.1865870232886	1.1888785516178522	0.7567251568949149	0.16850176818182136	0.24640998357178207	0.2888743495032336	0.29621389874316306	0.19205765236132408	0.26991104855900994	0.23452579846475177	0.30350550061491416	0.2968349795202932	0.2448864573056701	0.11052902611294343	0.34774953706109324	0.3163457983445337	0.4799378490083746	0.4053925299397911	0.3213870216836096	0.18250703351935793	1.424378231379433	2.268606167970308	0.18290131731397494	0.4507417758927511	0.743648384181382	0.44667115796387435	0.4873825402972906	1.0301295613325174	2029.9581954260907	1.257593833125131	0.7574630729168855	0.0020472252025762454	5	2.871101238411105	37.744866435860885	0.794203797498542	33.877002583206895	957.9807223703673	0.8985865561007901	0.9999468184616997
68000	-625115.8022258724	-624958.6240100495	-157.17821582291072	-10206.000266955505	-152070.36322589466	-224828.26814383714	-237853.99237336224	535.9598023257026	613.0271807882536	1.189170763388383	0.7563487892659786	0.16850176818182136	0.24640998357178207	0.2888743495032336	0.29621389874316306	0.19205765236132408	0.26991104855900994	0.23452579846475177	0.30350550061491416	0.2968349795202932	0.2448864573056701	0.11052902611294343	0.34774953706109324	0.3163457983445337	0.4799378490083746	0.4053925299397911	0.3213870216836096	0.18250703351935793	1.424378231379433	2.268606167970308	0.18290131731397494	0.4507417758927511	0.743648384181382	0.44667115796387435	0.4873825402972906	1.0301295613325174	2074.826256690467	1.2573857886279538	0.7657590967460991	0.0019347643578188454	6	2.871101238411105	37.6423699185995	0.794203797498542	33.52490897236394	954.2736830064465	0.8970625702356264	0.9999468184616997
69000	-623440.6199344877	-623322.8571613189	-117.76277316889048	-10207.877977910955	-151705.61778115932	-224241.0393136634	-237168.3220885853	535.9598023257026	612.8576636372364	1.189170763388383	0.7563487892659786	0.16850176818182136	0.24640998357178207	0.2888743495032336	0.29621389874316306	0.19205765236132408	0.26991104855900994	0.23452579846475177	0.30350550061491416	0.2968349795202932	0.2448864573056701	0.11052902611294343	0.34774953706109324	0.3163457983445337	0.4799378490083746	0.4053925299397911	0.3213870216836096	0.18250703351935793	1.424378231379433	2.268606167970308	0.18290131731397494	0.4507417758927511	0.743648384181382	0.44667115796387435	0.4873825402972906	1.0301295613325174	2102.416356048779	1.2569944845552312	0.7712565337686711	0.0018435926354446635	7	2.871101238411105	37.255456846235546	0.8133620698366755	32.481731035175045	909.6706855640049	0.8882971290267682	0.9999468184616997
70000	-621727.0740278518	-621572.5150969451	-154.55893090664472	-10182.967698589051	-151157.39887036572	-223641.3725528667	-236590.7759751236	536.2418815749019	625.1650737435812	1.1923374983028636	0.7522700469584117	0.16850176818182136	0.24640998357178207	0.2888743495032336	0.29621389874316306	0.19616794388609302	0.27615189547123464	0.229175049312796	0.29850511132987617	0.2968349795202932	0.2448864573056701	0.11052902611294343	0.34774953706109324	0.3163457983445337	0.3908411090085588	0.4053925299397911	0.25866571219302387	0.18250703351935793	1.184391993399997	2.268606167970308	0.1545895999878743	0.4507417758927511	0.5824724137580142	0.44667115796387435	0.5528230891136267	1.0301295613325174	2085.1088741284416	1.2569944845552312	0.7712565337686711	0.001790345229094601	7	2.871101238411105	37.118772032644344	0.7899941219661195	29.749494915117506	906.328977161485	0.8861610255691106	0.9999468184616997
71000	-620129.5820295564	-619969.8712339881	-159.71079556834417	-10166.04135658084	-151072.19207625865	-222883.1216891119	-235848.51611203665	536.3354543351272	624.5835413144489	1.1923374983028636	0.7522700469584117	0.16850176818182136	0.24640998357178207	0.2888743495032336	0.29621389874316306	0.19616794388609302	0.27615189547123464	0.229175049312796	0.29850511132987617	0.2968349795202932	0.2448864573056701	0.11052902611294343	0.34774953706109324	0.3163457983445337	0.3908411090085588	0.4053925299397911	0.25866571219302387	0.18250703351935793	1.184391993399997	2.268606167970308	0.1545895999878743	0.4507417758927511	0.5824724137580142	0.44667115796387435	0.5528230891136267	1.0301295613325174	2087.003125244207	1.2579054081499759	0.7712565337686711	0.0017192808672342754	6	2.871101238411105	37.118772032644344	0.8121321680549975	29.982906450371168	923.9668605399771	0.8931248363747808	0.9999468184616997
72000	-618720.4256565439	-618531.7654012954	-188.66025524853512	-10208.638585705105	-150882.2381574904	-221930.04535370306	-235510.84330439684	536.3339238330491	623.9744516864251	1.1923374983028636	0.7522700469584117	0.16850176818182136	0.24640998357178207	0.2888743495032336	0.29621389874316306	0.19616794388609302	0.27615189547123464	0.229175049312796	0.29850511132987617	0.2968349795202932	0.2448864573056701	0.11052902611294343	0.34774953706109324	0.3163457983445337	0.3908411090085588	0.4053925299397911	0.25866571219302387	0.18250703351935793	1.184391993399997	2.268606167970308	0.1545895999878743	0.4507417758927511	0.5824724137580142	0.44667115796387435	0.3796034856336807	1.0301295613325174	2088.8912122823212	1.2579054081499759	0.7712565337686711	0.0017786796535784325	6	2.871101238411105	37.118772032644344	0.8121321680549975	29.87977713192485	955.8261465400158	0.9028422130110323	0.9999468184616997
73000	-616557.950539979	-616380.4271229657	-177.52341701333177	-10206.26904874851	-149490.96676668362	-221589.8396676939	-235093.35163983968	536.2162348718335	617.9464047717313	1.1923374983028636	0.7522700469584117	0.16850176818182136	0.24640998357178207	0.2888743495032336	0.29621389874316306	0.19616794388609302	0.27615189547123464	0.25106314690890263	0.2766170137337695	0.2968349795202932	0.2448864573056701	0.11052902611294343	0.34774953706109324	0.3163457983445337	0.3908411090085588	0.4053925299397911	0.25866571219302387	0.18250703351935793	1.184391993399997	2.268606167970308	0.1545895999878743	0.4507417758927511	0.5824724137580142	0.44667115796387435	0.3796034856336807	1.0301295613325174	2122.1912380236486	1.2579054081499759	0.77633493999215	0.0015905920983023286	6	2.871101238411105	37.139887054441964	0.8567404798084006	30.28936812665244	975.5281602066713	0.9101310743121228	0.9999468184616997
74000	-614774.3789471663	-614637.7315474376	-136.64739972860752	-10177.281019258482	-149085.72694119107	-220928.49775150843	-234446.2258354796	536.1726399883429	618.7403597243901	1.1327615713290597	0.8290036102097632	0.16850176818182136	0.24640998357178207	0.2888743495032336	0.29621389874316306	0.19616794388609302	0.27615189547123464	0.25106314690890263	0.2766170137337695	0.2968349795202932	0.2448864573056701	0.11052902611294343	0.34774953706109324	0.3163457983445337	0.3908411090085588	0.4053925299397911	0.25866571219302387	0.18250703351935793	1.184391993399997	2.268606167970308	0.1545895999878743	0.4507417758927511	0.5824724137580142	0.44667115796387435	0.3796034856336807	1.0301295613325174	2129.0638347710055	1.2579054081499759	0.7775918438150653	0.0016097460212702096	6	2.871101238411105	37.139887054441964	0.8124184819766935	30.01573710346501	985.2942226264671	0.919061352606763	0.9999468184616997
75000	-613527.9668792214	-613400.3653464044	-127.6015328170148	-10157.464740311223	-148782.88670116547	-220391.96649607847	-234068.0474088492	536.3276762767522	620.254452093316	1.1327615713290597	0.8290036102097632	0.16850176818182136	0.24640998357178207	0.2888743495032336	0.29621389874316306	0.19616794388609302	0.27615189547123464	0.25106314690890263	0.2766170137337695	0.2968349795202932	0.2448864573056701	0.11052902611294343	0.34774953706109324	0.3163457983445337	0.3908411090085588	0.4053925299397911	0.25866571219302387	0.18250703351935793	1.184391993399997	2.268606167970308	0.1545895999878743	0.4507417758927511	0.5824724137580142	0.44667115796387435	0.3796034856336807	1.0301295613325174	2143.321276077072	1.2540742834401584	0.7802570099557865	0.0017142117104232276	6	2.871101238411105	35.21298703275783	0.8124184819766935	28.376720206342565	859.0133949446689	0.9056404148995205	0.9999468184616997
76000	-611533.7614674215	-611428.6022848216	-105.15918259993266	-10067.145923150569	-148614.67156364207	-219123.3558708911	-233623.42892713784	536.2749803674888	620.0005849104388	0.9589310131414652	1.0528966960457695	0.16850176818182136	0.24640998357178207	0.2888743495032336	0.29621389874316306	0.19616794388609302	0.2585488969364631	0.2686661454436742	0.2766170137337695	0.2968349795202932	0.2448864573056701	0.11052902611294343	0.34774953706109324	0.3163457983445337	0.3908411090085588	0.4053925299397911	0.25866571219302387	0.18250703351935793	1.184391993399997	2.268606167970308	0.1545895999878743	0.4507417758927511	0.3613042043289438	0.44667115796387435	0.3796034856336807	1.0301295613325174	2159.970861671292	1.2540742834401584	0.7832419241801962	0.0016371991301459196	6	2.871101238411105	33.15697858830939	0.8242007968982614	26.78141578508559	780.8312147188151	0.9170948161417382	0.9999468184616997
77000	-610262.2750798431	-610176.9535318859	-85.32154795723504	-10090.417357658522	-148135.52633054066	-218768.15561189072	-233182.85423179597	536.3668640893845	619.1058834833972	0.9589310131414652	1.0528966960457695	0.16850176818182136	0.24640998357178207	0.2888743495032336	0.29621389874316306	0.19616794388609302	0.2585488969364631	0.2686661454436742	0.2766170137337695	0.2968349795202932	0.2448864573056701	0.11052902611294343	0.34774953706109324	0.3163457983445337	0.3908411090085588	0.4053925299397911	0.25866571219302387	0.18250703351935793	1.184391993399997	2.268606167970308	0.1545895999878743	0.4507417758927511	0.3613042043289438	0.44667115796387435	0.3796034856336807	1.0301295613325174	2176.7922931522644	1.2540742834401584	0.7855673748879167	0.0016259096268993695	5	2.871101238411105	33.15697858830939	0.8242007968982614	26.540788959158945	784.7041643078172	0.920355062878348	0.9999468184616997
78000	-608830.6923212992	-608746.8963382111	-83.79598308803172	-9946.153050152243	-147634.6931579758	-218233.70430762245	-232932.34582246063	536.4358749731707	620.3035221084455	0.9589310131414652	1.0528966960457695	0.16850176818182136	0.24640998357178207	0.2888743495032336	0.29621389874316306	0.19616794388609302	0.2585488969364631	0.2925848547675648	0.2526983044098789	0.2968349795202932	0.2448864573056701	0.11052902611294343	0.34774953706109324	0.3163457983445337	0.3908411090085588	0.4053925299397911	0.25866571219302387	0.18250703351935793	1.184391993399997	2.268606167970308	0.1545895999878743	0.4507417758927511	0.3613042043289438	0.44667115796387435	0.3796034856336807	0.6495560308185238	2176.788407491414	1.2540742834401584	0.7858526776551034	0.001479740002809308	4	3.1380420351281106	34.62883047205832	0.8242007968982614	27.32095322241522	815.773727293242	0.9037986262616478	0.9999468184616997
79000	-607371.0805512308	-607315.0980491056	-55.98250212525551	-9960.588610446377	-147127.6218351504	-217831.9355221175	-232394.95208139138	536.3891391919143	620.2107390220767	0.9589310131414652	1.0528966960457695	0.16850176818182136	0.24640998357178207	0.2888743495032336	0.29621389874316306	0.19616794388609302	0.2585488969364631	0.2925848547675648	0.2526983044098789	0.2968349795202932	0.2448864573056701	0.11052902611294343	0.34774953706109324	0.3163457983445337	0.3908411090085588	0.4053925299397911	0.25866571219302387	0.18250703351935793	1.184391993399997	1.6667045458128904	0.1545895999878743	0.4507417758927511	0.3613042043289438	0.44667115796387435	0.3796034856336807	0.6495560308185238	2213.237348861708	1.2553173601562975	0.7916424294913571	0.001469343709158889	4	3.1380420351281106	35.51982103830628	0.8242007968982614	25.952216944219227	908.0648270346074	0.9274579790899977	0.9999468184616997
80000	-605595.6432879509	-605523.0986047977	-72.54468315319086	-9935.623685764092	-146542.9060261819	-217234.5820010449	-231809.98689180682	536.4686758434387	620.7999427537973	0.9589310131414652	1.0528966960457695	0.16850176818182136	0.24640998357178207	0.2888743495032336	0.29621389874316306	0.19616794388609302	0.2585488969364631	0.2925848547675648	0.2526983044098789	0.2968349795202932	0.2448864573056701	0.11052902611294343	0.34774953706109324	0.3163457983445337	0.3908411090085588	0.4053925299397911	0.25866571219302387	0.18250703351935793	1.184391993399997	1.6667045458128904	0.1545895999878743	0.4507417758927511	0.3613042043289438	0.44667115796387435	0.3796034856336807	0.6495560308185238	2207.5501125897636	1.2553173601562975	0.7916424294913571	0.001401933031688912	5	3.1380420351281106	35.51982103830628	0.8242007968982614	25.216470778599263	910.6853395760062	0.9274823798528431	0.9991681304753651
